#
# There is insufficient memory for the Java Runtime Environment to continue.
# Native memory allocation (malloc) failed to allocate 1048576 bytes for AllocateHeap
# Possible reasons:
#   The system is out of physical RAM or swap space
#   In 32 bit mode, the process size limit was hit
# Possible solutions:
#   Reduce memory load on the system
#   Increase physical memory or swap space
#   Check if swap backing store is full
#   Use 64 bit Java on a 64 bit OS
#   Decrease Java heap size (-Xmx/-Xms)
#   Decrease number of Java threads
#   Decrease Java thread stack sizes (-Xss)
#   Set larger code cache with -XX:ReservedCodeCacheSize=
# This output file may be truncated or incomplete.
#
#  Out of Memory Error (memory/allocation.inline.hpp:61), pid=20556, tid=24152
#
# JRE version:  (8.0_65-b17) (build )
# Java VM: Java HotSpot(TM) 64-Bit Server VM (25.65-b01 mixed mode windows-amd64 compressed oops)
# Failed to write core dump. Minidumps are not enabled by default on client versions of Windows
#

---------------  T H R E A D  ---------------

Current thread (0x00000000012be800):  JavaThread "Unknown thread" [_thread_in_vm, id=24152, stack(0x00000000012c0000,0x00000000013c0000)]

Stack: [0x00000000012c0000,0x00000000013c0000]
[error occurred during error reporting (printing stack bounds), id 0xc0000005]

Native frames: (J=compiled Java code, j=interpreted, Vv=VM code, C=native code)


---------------  P R O C E S S  ---------------

Java Threads: ( => current thread )

Other Threads:

=>0x00000000012be800 (exited) JavaThread "Unknown thread" [_thread_in_vm, id=24152, stack(0x00000000012c0000,0x00000000013c0000)]

VM state:not at safepoint (normal execution)

VM Mutex/Monitor currently owned by a thread: None

Heap:
 PSYoungGen      total 57344K, used 983K [0x000000076ab00000, 0x000000076eb00000, 0x00000007c0000000)
  eden space 49152K, 2% used [0x000000076ab00000,0x000000076abf5c38,0x000000076db00000)
  from space 8192K, 0% used [0x000000076e300000,0x000000076e300000,0x000000076eb00000)
  to   space 8192K, 0% used [0x000000076db00000,0x000000076db00000,0x000000076e300000)
 ParOldGen       total 131072K, used 0K [0x00000006c0000000, 0x00000006c8000000, 0x000000076ab00000)
  object space 131072K, 0% used [0x00000006c0000000,0x00000006c0000000,0x00000006c8000000)
 Metaspace       used 767K, capacity 4480K, committed 4480K, reserved 1056768K
  class space    used 75K, capacity 384K, committed 384K, reserved 1048576K

Card table byte_map: [0x0000000011fb0000,0x00000000127c0000] byte_map_base: 0x000000000e9b0000

Marking Bits: (ParMarkBitMap*) 0x000000005436a5b0
 Begin Bits: [0x0000000013520000, 0x0000000017520000)
 End Bits:   [0x0000000017520000, 0x000000001b520000)

Polling page: 0x0000000001130000

CodeCache: size=245760Kb used=328Kb max_used=328Kb free=245431Kb
 bounds [0x0000000002bf0000, 0x0000000002e60000, 0x0000000011bf0000]
 total_blobs=57 nmethods=0 adapters=37
 compilation: enabled

Compilation events (0 events):
No events

GC Heap History (0 events):
No events

Deoptimization events (0 events):
No events

Internal exceptions (0 events):
No events

Events (10 events):
Event: 0.034 loading class java/lang/Short
Event: 0.034 loading class java/lang/Short done
Event: 0.034 loading class java/lang/Integer
Event: 0.034 loading class java/lang/Integer done
Event: 0.034 loading class java/lang/Long
Event: 0.034 loading class java/lang/Long done
Event: 0.035 loading class java/lang/NullPointerException
Event: 0.035 loading class java/lang/NullPointerException done
Event: 0.035 loading class java/lang/ArithmeticException
Event: 0.035 loading class java/lang/ArithmeticException done


Dynamic libraries:
0x00007ff7a3b40000 - 0x00007ff7a3b77000 	C:\Program Files\Java\jdk1.8.0_65\bin\java.exe
0x00007fff52c20000 - 0x00007fff52dcd000 	C:\WINDOWS\SYSTEM32\ntdll.dll
0x00007fff52ad0000 - 0x00007fff52c0e000 	C:\WINDOWS\system32\KERNEL32.DLL
0x00007fff4fe20000 - 0x00007fff4ff35000 	C:\WINDOWS\system32\KERNELBASE.dll
0x00007fff4e500000 - 0x00007fff4e58e000 	C:\WINDOWS\system32\apphelp.dll
0x00007fff39860000 - 0x00007fff398b3000 	C:\WINDOWS\AppPatch\AppPatch64\AcGenral.DLL
0x00007fff509c0000 - 0x00007fff50a6a000 	C:\WINDOWS\system32\msvcrt.dll
0x00007fff501d0000 - 0x00007fff501fe000 	C:\WINDOWS\system32\SspiCli.dll
0x00007fff502b0000 - 0x00007fff50304000 	C:\WINDOWS\system32\SHLWAPI.dll
0x00007fff50c70000 - 0x00007fff50de7000 	C:\WINDOWS\system32\USER32.dll
0x00007fff513d0000 - 0x00007fff51564000 	C:\WINDOWS\system32\ole32.dll
0x00007fff51570000 - 0x00007fff52a9a000 	C:\WINDOWS\system32\SHELL32.dll
0x00007fff4f320000 - 0x00007fff4f341000 	C:\WINDOWS\SYSTEM32\USERENV.dll
0x00007fff50df0000 - 0x00007fff50e9a000 	C:\WINDOWS\system32\ADVAPI32.dll
0x00007fff47c00000 - 0x00007fff47c1e000 	C:\WINDOWS\SYSTEM32\MPR.dll
0x00007fff50690000 - 0x00007fff507d0000 	C:\WINDOWS\system32\RPCRT4.dll
0x00007fff50ea0000 - 0x00007fff50ef9000 	C:\WINDOWS\SYSTEM32\sechost.dll
0x00007fff50f00000 - 0x00007fff51111000 	C:\WINDOWS\SYSTEM32\combase.dll
0x00007fff503e0000 - 0x00007fff50530000 	C:\WINDOWS\system32\GDI32.dll
0x00007fff4fd50000 - 0x00007fff4fd65000 	C:\WINDOWS\SYSTEM32\profapi.dll
0x00007fff4e160000 - 0x00007fff4e212000 	C:\WINDOWS\SYSTEM32\SHCORE.dll
0x00007fff511e0000 - 0x00007fff51216000 	C:\WINDOWS\system32\IMM32.DLL
0x00007fff50530000 - 0x00007fff50682000 	C:\WINDOWS\system32\MSCTF.dll
0x00007fff4d890000 - 0x00007fff4db0b000 	C:\WINDOWS\WinSxS\amd64_microsoft.windows.common-controls_6595b64144ccf1df_6.0.9600.18006_none_623f33d3ecbe86e8\COMCTL32.dll
0x0000000054770000 - 0x0000000054842000 	C:\Program Files\Java\jdk1.8.0_65\jre\bin\msvcr100.dll
0x0000000053b60000 - 0x00000000543e9000 	C:\Program Files\Java\jdk1.8.0_65\jre\bin\server\jvm.dll
0x00007fff465e0000 - 0x00007fff465e9000 	C:\WINDOWS\SYSTEM32\WSOCK32.dll
0x00007fff4c340000 - 0x00007fff4c362000 	C:\WINDOWS\SYSTEM32\WINMM.dll
0x00007fff4ebe0000 - 0x00007fff4ebea000 	C:\WINDOWS\SYSTEM32\VERSION.dll
0x00007fff52ac0000 - 0x00007fff52ac7000 	C:\WINDOWS\system32\PSAPI.DLL
0x00007fff50310000 - 0x00007fff5036a000 	C:\WINDOWS\system32\WS2_32.dll
0x00007fff4c2b0000 - 0x00007fff4c2da000 	C:\WINDOWS\SYSTEM32\WINMMBASE.dll
0x00007fff50c60000 - 0x00007fff50c69000 	C:\WINDOWS\system32\NSI.dll
0x00007fff50260000 - 0x00007fff502af000 	C:\WINDOWS\SYSTEM32\cfgmgr32.dll
0x00007fff4e760000 - 0x00007fff4e788000 	C:\WINDOWS\SYSTEM32\DEVOBJ.dll
0x0000000054760000 - 0x000000005476f000 	C:\Program Files\Java\jdk1.8.0_65\jre\bin\verify.dll
0x0000000054730000 - 0x0000000054759000 	C:\Program Files\Java\jdk1.8.0_65\jre\bin\java.dll
0x0000000054710000 - 0x0000000054726000 	C:\Program Files\Java\jdk1.8.0_65\jre\bin\zip.dll

VM Arguments:
jvm_args: -Djava.awt.headless=true -Xmx4g -Dfile.encoding=windows-1252 -Duser.country=US -Duser.language=en -Duser.variant 
java_command: com.android.dx.command.Main --dex --force-jumbo --num-threads=4 --multi-dex --output E:\android mhm\MHM\app\build\intermediates\transforms\dex\debug\folders\1000\10\com.android.support-recyclerview-v7-24.0.0-alpha1_5e305a41bf9e5b89870d87474d03bfc2d63071ea E:\android mhm\MHM\app\build\intermediates\exploded-aar\com.android.support\recyclerview-v7\24.0.0-alpha1\jars\classes.jar
java_class_path (initial): F:\Development\Android\sdk\build-tools\23.0.0\lib\dx.jar
Launcher Type: SUN_STANDARD

Environment Variables:
JAVA_HOME=C:\Program Files\Java\jdk1.7.0_51
PATH=C:\Program Files (x86)\iis express\PHP\v5.5;C:\Program Files (x86)\iis express\PHP\v5.5;C:\Program Files\PHP\v5.3;C:\Program Files\PHP\v7.0;C:\Program Files (x86)\iis express\PHP\v5.4;C:\ProgramData\Oracle\Java\javapath;C:\Program Files (x86)\iis express\PHP\v5.4;C:\WINDOWS\system32;C:\WINDOWS;C:\WINDOWS\System32\Wbem;C:\WINDOWS\System32\WindowsPowerShell\v1.0\;C:\WINDOWS\idmu\common;C:\Program Files\Microsoft\Web Platform Installer\;C:\Program Files (x86)\Microsoft ASP.NET\ASP.NET Web Pages\v1.0\;C:\Program Files\Microsoft SQL Server\110\Tools\Binn\;C:\Program Files (x86)\Microsoft SQL Server\110\Tools\Binn\ManagementStudio\;C:\Program Files (x86)\Microsoft SQL Server\110\Tools\Binn\;C:\Program Files (x86)\Microsoft SQL Server\110\DTS\Binn\;C:\Program Files (x86)\Dell\SysMgt\shared\bin;C:\Program Files (x86)\QuickTime\QTSystem\;F:\Bin\x86\;C:\Program Files (x86)\Nmap;C:\Program Files\MySQL\MySQL Server 5.1\bin;C:\Program Files (x86)\Windows Kits\8.1\Windows Performance Toolkit\;C:\Program Files\Microsoft SQL;C:\RailsInstaller\Git\cmd;C:\RailsInstaller\Ruby2.1.0\bin;C:\Program Files (x86)\Nmap;C:\phantomjs-2.0.0-windows\bin;C:\Users\zarko.runjevac\AppData\Roaming\npm;C:\Program Files (x86)\Microsoft VS Code\bin;C:\Program Files\nodejs;C:\Program Files\Java\jdk1.8.0_65\bin;C:\Program Files (x86)\Common Files\Acronis\TibMounter64
USERNAME=zarko.runjevac
OS=Windows_NT
PROCESSOR_IDENTIFIER=Intel64 Family 6 Model 60 Stepping 3, GenuineIntel



---------------  S Y S T E M  ---------------

OS: Windows 8.1 , 64 bit Build 9600 (6.3.9600.17415)

CPU:total 8 (4 cores per cpu, 2 threads per core) family 6 model 60 stepping 3, cmov, cx8, fxsr, mmx, sse, sse2, sse3, ssse3, sse4.1, sse4.2, popcnt, avx, avx2, aes, clmul, erms, rtm, lzcnt, ht, tsc, tscinvbit, bmi1, bmi2

Memory: 4k page, physical 12532956k(838292k free), swap 15678684k(5132k free)

vm_info: Java HotSpot(TM) 64-Bit Server VM (25.65-b01) for windows-amd64 JRE (1.8.0_65-b17), built on Oct  6 2015 16:39:20 by "java_re" with MS VC++ 10.0 (VS2010)

time: Wed Jun 08 09:58:44 2016
elapsed time: 0 seconds (0d 0h 0m 0s)

