#
# There is insufficient memory for the Java Runtime Environment to continue.
# Native memory allocation (malloc) failed to allocate 961296 bytes for Chunk::new
# Possible reasons:
#   The system is out of physical RAM or swap space
#   In 32 bit mode, the process size limit was hit
# Possible solutions:
#   Reduce memory load on the system
#   Increase physical memory or swap space
#   Check if swap backing store is full
#   Use 64 bit Java on a 64 bit OS
#   Decrease Java heap size (-Xmx/-Xms)
#   Decrease number of Java threads
#   Decrease Java thread stack sizes (-Xss)
#   Set larger code cache with -XX:ReservedCodeCacheSize=
# This output file may be truncated or incomplete.
#
#  Out of Memory Error (allocation.cpp:390), pid=12740, tid=24960
#
# JRE version: Java(TM) SE Runtime Environment (8.0_65-b17) (build 1.8.0_65-b17)
# Java VM: Java HotSpot(TM) 64-Bit Server VM (25.65-b01 mixed mode windows-amd64 compressed oops)
# Failed to write core dump. Minidumps are not enabled by default on client versions of Windows
#

---------------  T H R E A D  ---------------

Current thread (0x000000001e2d7800):  JavaThread "C2 CompilerThread2" daemon [_thread_in_native, id=24960, stack(0x000000001ea50000,0x000000001eb50000)]

Stack: [0x000000001ea50000,0x000000001eb50000]
[error occurred during error reporting (printing stack bounds), id 0xc0000005]

Native frames: (J=compiled Java code, j=interpreted, Vv=VM code, C=native code)


Current CompileTask:
C2:   1403 1523       4       com.android.dx.ssa.SCCP::simulateBlock (54 bytes)


---------------  P R O C E S S  ---------------

Java Threads: ( => current thread )
  0x000000001e600800 JavaThread "pool-2-thread-4" [_thread_blocked, id=18636, stack(0x000000001f250000,0x000000001f350000)]
  0x000000001e5fd800 JavaThread "pool-2-thread-3" [_thread_blocked, id=19428, stack(0x000000001f150000,0x000000001f250000)]
  0x000000001e53e800 JavaThread "pool-2-thread-2" [_thread_blocked, id=19204, stack(0x000000001f050000,0x000000001f150000)]
  0x000000001e53a000 JavaThread "pool-3-thread-1" [_thread_blocked, id=14788, stack(0x000000001ef50000,0x000000001f050000)]
  0x000000001e539000 JavaThread "pool-2-thread-1" [_thread_in_vm, id=12644, stack(0x000000001ee50000,0x000000001ef50000)]
  0x000000001e2e2800 JavaThread "Service Thread" daemon [_thread_blocked, id=7428, stack(0x000000001ec50000,0x000000001ed50000)]
  0x000000001e2da000 JavaThread "C1 CompilerThread3" daemon [_thread_in_vm, id=4012, stack(0x000000001eb50000,0x000000001ec50000)]
=>0x000000001e2d7800 JavaThread "C2 CompilerThread2" daemon [_thread_in_native, id=24960, stack(0x000000001ea50000,0x000000001eb50000)]
  0x000000001e27d800 JavaThread "C2 CompilerThread1" daemon [_thread_in_native, id=11848, stack(0x000000001e950000,0x000000001ea50000)]
  0x000000001e27a800 JavaThread "C2 CompilerThread0" daemon [_thread_in_native, id=17600, stack(0x000000001e850000,0x000000001e950000)]
  0x000000001e278000 JavaThread "Attach Listener" daemon [_thread_blocked, id=9400, stack(0x000000001e750000,0x000000001e850000)]
  0x000000001e276800 JavaThread "Signal Dispatcher" daemon [_thread_blocked, id=22920, stack(0x000000001e650000,0x000000001e750000)]
  0x0000000002654800 JavaThread "Finalizer" daemon [_thread_blocked, id=12536, stack(0x000000001e070000,0x000000001e170000)]
  0x0000000002653000 JavaThread "Reference Handler" daemon [_thread_blocked, id=4316, stack(0x000000001df70000,0x000000001e070000)]
  0x0000000000b8e000 JavaThread "main" [_thread_blocked, id=25256, stack(0x0000000002460000,0x0000000002560000)]

Other Threads:
  0x000000001c179800 VMThread [stack: 0x000000001de70000,0x000000001df70000] [id=11020]
  0x000000001e2e5800 WatcherThread [stack: 0x000000001ed50000,0x000000001ee50000] [id=26124]

VM state:not at safepoint (normal execution)

VM Mutex/Monitor currently owned by a thread: None

Heap:
 PSYoungGen      total 106496K, used 45621K [0x000000076ab00000, 0x0000000771b00000, 0x00000007c0000000)
  eden space 98304K, 38% used [0x000000076ab00000,0x000000076cf91800,0x0000000770b00000)
  from space 8192K, 99% used [0x0000000771300000,0x0000000771afbce0,0x0000000771b00000)
  to   space 8192K, 0% used [0x0000000770b00000,0x0000000770b00000,0x0000000771300000)
 ParOldGen       total 131072K, used 8244K [0x00000006c0000000, 0x00000006c8000000, 0x000000076ab00000)
  object space 131072K, 6% used [0x00000006c0000000,0x00000006c080d1e8,0x00000006c8000000)
 Metaspace       used 6071K, capacity 7088K, committed 7296K, reserved 1056768K
  class space    used 589K, capacity 616K, committed 640K, reserved 1048576K

Card table byte_map: [0x0000000011a20000,0x0000000012230000] byte_map_base: 0x000000000e420000

Marking Bits: (ParMarkBitMap*) 0x000000005436a5b0
 Begin Bits: [0x0000000012f90000, 0x0000000016f90000)
 End Bits:   [0x0000000016f90000, 0x000000001af90000)

Polling page: 0x00000000023c0000

CodeCache: size=245760Kb used=6726Kb max_used=6726Kb free=239033Kb
 bounds [0x0000000002660000, 0x0000000002d00000, 0x0000000011660000]
 total_blobs=1900 nmethods=1631 adapters=182
 compilation: enabled

Compilation events (10 events):
Event: 1.348 Thread 0x000000001e27a800 nmethod 1573 0x0000000002cbc210 code [0x0000000002cbc3c0, 0x0000000002cbcce8]
Event: 1.348 Thread 0x000000001e27a800 1584       4       java.util.HashMap::resize (359 bytes)
Event: 1.354 Thread 0x000000001e27a800 nmethod 1584 0x0000000002cbab50 code [0x0000000002cbace0, 0x0000000002cbb258]
Event: 1.354 Thread 0x000000001e27a800 1548       4       com.android.dx.ssa.DeadCodeRemover::pruneDeadInstructions (246 bytes)
Event: 1.361 Thread 0x000000001e2da000 1590       2       java.util.ArrayList$SubList::get (23 bytes)
Event: 1.362 Thread 0x000000001e2da000 nmethod 1590 0x0000000002cbbad0 code [0x0000000002cbbc60, 0x0000000002cbbf68]
Event: 1.363 Thread 0x000000001e27a800 nmethod 1548 0x0000000002cbfa10 code [0x0000000002cbfba0, 0x0000000002cc0218]
Event: 1.363 Thread 0x000000001e27a800 1588       4       com.android.dx.rop.code.RegisterSpecSet::size (49 bytes)
Event: 1.365 Thread 0x000000001e27a800 nmethod 1588 0x0000000002cbb790 code [0x0000000002cbb8c0, 0x0000000002cbba18]
Event: 1.365 Thread 0x000000001e27a800 1589       4       com.android.dx.ssa.SCCP::simulatePhi (169 bytes)

GC Heap History (4 events):
Event: 1.005 GC heap before
{Heap before GC invocations=1 (full 0):
 PSYoungGen      total 57344K, used 49152K [0x000000076ab00000, 0x000000076eb00000, 0x00000007c0000000)
  eden space 49152K, 100% used [0x000000076ab00000,0x000000076db00000,0x000000076db00000)
  from space 8192K, 0% used [0x000000076e300000,0x000000076e300000,0x000000076eb00000)
  to   space 8192K, 0% used [0x000000076db00000,0x000000076db00000,0x000000076e300000)
 ParOldGen       total 131072K, used 0K [0x00000006c0000000, 0x00000006c8000000, 0x000000076ab00000)
  object space 131072K, 0% used [0x00000006c0000000,0x00000006c0000000,0x00000006c8000000)
 Metaspace       used 5910K, capacity 6960K, committed 7040K, reserved 1056768K
  class space    used 588K, capacity 616K, committed 640K, reserved 1048576K
Event: 1.041 GC heap after
Heap after GC invocations=1 (full 0):
 PSYoungGen      total 57344K, used 8187K [0x000000076ab00000, 0x0000000771b00000, 0x00000007c0000000)
  eden space 49152K, 0% used [0x000000076ab00000,0x000000076ab00000,0x000000076db00000)
  from space 8192K, 99% used [0x000000076db00000,0x000000076e2fee48,0x000000076e300000)
  to   space 8192K, 0% used [0x0000000771300000,0x0000000771300000,0x0000000771b00000)
 ParOldGen       total 131072K, used 930K [0x00000006c0000000, 0x00000006c8000000, 0x000000076ab00000)
  object space 131072K, 0% used [0x00000006c0000000,0x00000006c00e8bc8,0x00000006c8000000)
 Metaspace       used 5910K, capacity 6960K, committed 7040K, reserved 1056768K
  class space    used 588K, capacity 616K, committed 640K, reserved 1048576K
}
Event: 1.311 GC heap before
{Heap before GC invocations=2 (full 0):
 PSYoungGen      total 57344K, used 57339K [0x000000076ab00000, 0x0000000771b00000, 0x00000007c0000000)
  eden space 49152K, 100% used [0x000000076ab00000,0x000000076db00000,0x000000076db00000)
  from space 8192K, 99% used [0x000000076db00000,0x000000076e2fee48,0x000000076e300000)
  to   space 8192K, 0% used [0x0000000771300000,0x0000000771300000,0x0000000771b00000)
 ParOldGen       total 131072K, used 930K [0x00000006c0000000, 0x00000006c8000000, 0x000000076ab00000)
  object space 131072K, 0% used [0x00000006c0000000,0x00000006c00e8bc8,0x00000006c8000000)
 Metaspace       used 6034K, capacity 7024K, committed 7296K, reserved 1056768K
  class space    used 589K, capacity 616K, committed 640K, reserved 1048576K
Event: 1.328 GC heap after
Heap after GC invocations=2 (full 0):
 PSYoungGen      total 106496K, used 8175K [0x000000076ab00000, 0x0000000771b00000, 0x00000007c0000000)
  eden space 98304K, 0% used [0x000000076ab00000,0x000000076ab00000,0x0000000770b00000)
  from space 8192K, 99% used [0x0000000771300000,0x0000000771afbce0,0x0000000771b00000)
  to   space 8192K, 0% used [0x0000000770b00000,0x0000000770b00000,0x0000000771300000)
 ParOldGen       total 131072K, used 8244K [0x00000006c0000000, 0x00000006c8000000, 0x000000076ab00000)
  object space 131072K, 6% used [0x00000006c0000000,0x00000006c080d1e8,0x00000006c8000000)
 Metaspace       used 6034K, capacity 7024K, committed 7296K, reserved 1056768K
  class space    used 589K, capacity 616K, committed 640K, reserved 1048576K
}

Deoptimization events (10 events):
Event: 0.418 Thread 0x000000001e53e800 Uncommon trap: reason=unstable_if action=reinterpret pc=0x0000000002866c84 method=java.util.HashMap.getNode(ILjava/lang/Object;)Ljava/util/HashMap$Node; @ 129
Event: 0.459 Thread 0x000000001e5fd800 Uncommon trap: reason=class_check action=maybe_recompile pc=0x00000000028dc4f0 method=com.android.dx.ssa.NormalSsaInsn.accept(Lcom/android/dx/ssa/SsaInsn$Visitor;)V @ 9
Event: 0.459 Thread 0x000000001e5fd800 Uncommon trap: reason=class_check action=maybe_recompile pc=0x00000000028dc4f0 method=com.android.dx.ssa.NormalSsaInsn.accept(Lcom/android/dx/ssa/SsaInsn$Visitor;)V @ 9
Event: 0.460 Thread 0x000000001e5fd800 Uncommon trap: reason=class_check action=maybe_recompile pc=0x00000000028dc4f0 method=com.android.dx.ssa.NormalSsaInsn.accept(Lcom/android/dx/ssa/SsaInsn$Visitor;)V @ 9
Event: 0.462 Thread 0x000000001e5fd800 Uncommon trap: reason=class_check action=maybe_recompile pc=0x00000000028dc4f0 method=com.android.dx.ssa.NormalSsaInsn.accept(Lcom/android/dx/ssa/SsaInsn$Visitor;)V @ 9
Event: 0.583 Thread 0x000000001e5fd800 Uncommon trap: reason=null_check action=make_not_entrant pc=0x000000000293d678 method=com.android.dx.ssa.SsaRenamer.getLocalForNewReg(I)Lcom/android/dx/rop/code/LocalItem; @ 19
Event: 0.583 Thread 0x000000001e5fd800 Uncommon trap: reason=null_check action=make_not_entrant pc=0x0000000002956afc method=com.android.dx.ssa.SsaRenamer.getLocalForNewReg(I)Lcom/android/dx/rop/code/LocalItem; @ 19
Event: 0.707 Thread 0x000000001e600800 Uncommon trap: reason=unstable_if action=reinterpret pc=0x0000000002a5ee0c method=com.android.dx.ssa.SsaRenamer$BlockRenamer.addMapping(ILcom/android/dx/rop/code/RegisterSpec;)V @ 120
Event: 1.054 Thread 0x0000000000b8e000 Uncommon trap: reason=unstable_if action=reinterpret pc=0x000000000295e31c method=com.android.dx.rop.cst.Constant.compareTo(Lcom/android/dx/rop/cst/Constant;)I @ 12
Event: 1.159 Thread 0x000000001e53e800 Uncommon trap: reason=unstable_if action=reinterpret pc=0x000000000291d4e0 method=com.android.dx.rop.code.RegisterSpec.equals(ILcom/android/dx/rop/type/TypeBearer;Lcom/android/dx/rop/code/LocalItem;)Z @ 42

Internal exceptions (4 events):
Event: 0.042 Thread 0x0000000000b8e000 Exception <a 'java/lang/NoSuchMethodError': Method sun.misc.Unsafe.defineClass(Ljava/lang/String;[BII)Ljava/lang/Class; name or signature does not match> (0x000000076ab0db60) thrown at [C:\workspace\8-2-build-windows-amd64-cygwin\jdk8u65\4987\hotspot\src\s*VE|Ç•?
Event: 0.042 Thread 0x0000000000b8e000 Exception <a 'java/lang/NoSuchMethodError': Method sun.misc.Unsafe.prefetchRead(Ljava/lang/Object;J)V name or signature does not match> (0x000000076ab0de48) thrown at [C:\workspace\8-2-build-windows-amd64-cygwin\jdk8u65\4987\hotspot\src\share\vm\prims\jni.¿É´ù|¶‚?
Event: 0.583 Thread 0x000000001e5fd800 Implicit null exception at 0x000000000293b43d to 0x000000000293d635
Event: 0.583 Thread 0x000000001e5fd800 Implicit null exception at 0x0000000002954e1c to 0x0000000002956ad5

Events (10 events):
Event: 1.054 Thread 0x0000000000b8e000 Uncommon trap: trap_request=0xffffff65 fr.pc=0x000000000295e31c
Event: 1.054 Thread 0x0000000000b8e000 DEOPT PACKING pc=0x000000000295e31c sp=0x000000000255dc80
Event: 1.054 Thread 0x0000000000b8e000 DEOPT UNPACKING pc=0x00000000026a582a sp=0x000000000255dc20 mode 2
Event: 1.159 Thread 0x000000001e53e800 Uncommon trap: trap_request=0xffffff65 fr.pc=0x000000000291d4e0
Event: 1.159 Thread 0x000000001e53e800 DEOPT PACKING pc=0x000000000291d4e0 sp=0x000000001f14ecb0
Event: 1.159 Thread 0x000000001e53e800 DEOPT UNPACKING pc=0x00000000026a582a sp=0x000000001f14ec38 mode 2
Event: 1.262 loading class com/android/dx/cf/attrib/AttDeprecated
Event: 1.262 loading class com/android/dx/cf/attrib/AttDeprecated done
Event: 1.296 Executing VM operation: ParallelGCFailedAllocation
Event: 1.328 Executing VM operation: ParallelGCFailedAllocation done


Dynamic libraries:
0x00007ff7a3b40000 - 0x00007ff7a3b77000 	C:\Program Files\Java\jdk1.8.0_65\bin\java.exe
0x00007fff52c20000 - 0x00007fff52dcd000 	C:\WINDOWS\SYSTEM32\ntdll.dll
0x00007fff52ad0000 - 0x00007fff52c0e000 	C:\WINDOWS\system32\KERNEL32.DLL
0x00007fff4fe20000 - 0x00007fff4ff35000 	C:\WINDOWS\system32\KERNELBASE.dll
0x00007fff4e500000 - 0x00007fff4e58e000 	C:\WINDOWS\system32\apphelp.dll
0x00007fff39860000 - 0x00007fff398b3000 	C:\WINDOWS\AppPatch\AppPatch64\AcGenral.DLL
0x00007fff509c0000 - 0x00007fff50a6a000 	C:\WINDOWS\system32\msvcrt.dll
0x00007fff501d0000 - 0x00007fff501fe000 	C:\WINDOWS\system32\SspiCli.dll
0x00007fff502b0000 - 0x00007fff50304000 	C:\WINDOWS\system32\SHLWAPI.dll
0x00007fff50c70000 - 0x00007fff50de7000 	C:\WINDOWS\system32\USER32.dll
0x00007fff513d0000 - 0x00007fff51564000 	C:\WINDOWS\system32\ole32.dll
0x00007fff51570000 - 0x00007fff52a9a000 	C:\WINDOWS\system32\SHELL32.dll
0x00007fff4f320000 - 0x00007fff4f341000 	C:\WINDOWS\SYSTEM32\USERENV.dll
0x00007fff50df0000 - 0x00007fff50e9a000 	C:\WINDOWS\system32\ADVAPI32.dll
0x00007fff47c00000 - 0x00007fff47c1e000 	C:\WINDOWS\SYSTEM32\MPR.dll
0x00007fff50690000 - 0x00007fff507d0000 	C:\WINDOWS\system32\RPCRT4.dll
0x00007fff50ea0000 - 0x00007fff50ef9000 	C:\WINDOWS\SYSTEM32\sechost.dll
0x00007fff50f00000 - 0x00007fff51111000 	C:\WINDOWS\SYSTEM32\combase.dll
0x00007fff503e0000 - 0x00007fff50530000 	C:\WINDOWS\system32\GDI32.dll
0x00007fff4fd50000 - 0x00007fff4fd65000 	C:\WINDOWS\SYSTEM32\profapi.dll
0x00007fff4e160000 - 0x00007fff4e212000 	C:\WINDOWS\SYSTEM32\SHCORE.dll
0x00007fff511e0000 - 0x00007fff51216000 	C:\WINDOWS\system32\IMM32.DLL
0x00007fff50530000 - 0x00007fff50682000 	C:\WINDOWS\system32\MSCTF.dll
0x00007fff4d890000 - 0x00007fff4db0b000 	C:\WINDOWS\WinSxS\amd64_microsoft.windows.common-controls_6595b64144ccf1df_6.0.9600.18006_none_623f33d3ecbe86e8\COMCTL32.dll
0x0000000054770000 - 0x0000000054842000 	C:\Program Files\Java\jdk1.8.0_65\jre\bin\msvcr100.dll
0x0000000053b60000 - 0x00000000543e9000 	C:\Program Files\Java\jdk1.8.0_65\jre\bin\server\jvm.dll
0x00007fff465e0000 - 0x00007fff465e9000 	C:\WINDOWS\SYSTEM32\WSOCK32.dll
0x00007fff4c340000 - 0x00007fff4c362000 	C:\WINDOWS\SYSTEM32\WINMM.dll
0x00007fff4ebe0000 - 0x00007fff4ebea000 	C:\WINDOWS\SYSTEM32\VERSION.dll
0x00007fff52ac0000 - 0x00007fff52ac7000 	C:\WINDOWS\system32\PSAPI.DLL
0x00007fff50310000 - 0x00007fff5036a000 	C:\WINDOWS\system32\WS2_32.dll
0x00007fff4c2b0000 - 0x00007fff4c2da000 	C:\WINDOWS\SYSTEM32\WINMMBASE.dll
0x00007fff50c60000 - 0x00007fff50c69000 	C:\WINDOWS\system32\NSI.dll
0x00007fff50260000 - 0x00007fff502af000 	C:\WINDOWS\SYSTEM32\cfgmgr32.dll
0x00007fff4e760000 - 0x00007fff4e788000 	C:\WINDOWS\SYSTEM32\DEVOBJ.dll
0x0000000054760000 - 0x000000005476f000 	C:\Program Files\Java\jdk1.8.0_65\jre\bin\verify.dll
0x0000000054730000 - 0x0000000054759000 	C:\Program Files\Java\jdk1.8.0_65\jre\bin\java.dll
0x0000000054710000 - 0x0000000054726000 	C:\Program Files\Java\jdk1.8.0_65\jre\bin\zip.dll

VM Arguments:
jvm_args: -Djava.awt.headless=true -Xmx4g -Dfile.encoding=windows-1252 -Duser.country=US -Duser.language=en -Duser.variant 
java_command: com.android.dx.command.Main --dex --force-jumbo --num-threads=4 --multi-dex --output E:\android mhm\MHM\app\build\intermediates\transforms\dex\debug\folders\1000\10\jsoup-1.8.3_4a52a387d80e371a8d721a9b799d48937667e6ef C:\Users\zarko.runjevac\.gradle\caches\modules-2\files-2.1\org.jsoup\jsoup\1.8.3\65fd012581ded67bc20945d85c32b4598c3a9cf1\jsoup-1.8.3.jar
java_class_path (initial): F:\Development\Android\sdk\build-tools\23.0.0\lib\dx.jar
Launcher Type: SUN_STANDARD

Environment Variables:
JAVA_HOME=C:\Program Files\Java\jdk1.7.0_51
PATH=C:\Program Files (x86)\iis express\PHP\v5.5;C:\Program Files (x86)\iis express\PHP\v5.5;C:\Program Files\PHP\v5.3;C:\Program Files\PHP\v7.0;C:\Program Files (x86)\iis express\PHP\v5.4;C:\ProgramData\Oracle\Java\javapath;C:\Program Files (x86)\iis express\PHP\v5.4;C:\WINDOWS\system32;C:\WINDOWS;C:\WINDOWS\System32\Wbem;C:\WINDOWS\System32\WindowsPowerShell\v1.0\;C:\WINDOWS\idmu\common;C:\Program Files\Microsoft\Web Platform Installer\;C:\Program Files (x86)\Microsoft ASP.NET\ASP.NET Web Pages\v1.0\;C:\Program Files\Microsoft SQL Server\110\Tools\Binn\;C:\Program Files (x86)\Microsoft SQL Server\110\Tools\Binn\ManagementStudio\;C:\Program Files (x86)\Microsoft SQL Server\110\Tools\Binn\;C:\Program Files (x86)\Microsoft SQL Server\110\DTS\Binn\;C:\Program Files (x86)\Dell\SysMgt\shared\bin;C:\Program Files (x86)\QuickTime\QTSystem\;F:\Bin\x86\;C:\Program Files (x86)\Nmap;C:\Program Files\MySQL\MySQL Server 5.1\bin;C:\Program Files (x86)\Windows Kits\8.1\Windows Performance Toolkit\;C:\Program Files\Microsoft SQL;C:\RailsInstaller\Git\cmd;C:\RailsInstaller\Ruby2.1.0\bin;C:\Program Files (x86)\Nmap;C:\phantomjs-2.0.0-windows\bin;C:\Users\zarko.runjevac\AppData\Roaming\npm;C:\Program Files (x86)\Microsoft VS Code\bin;C:\Program Files\nodejs;C:\Program Files\Java\jdk1.8.0_65\bin;C:\Program Files (x86)\Common Files\Acronis\TibMounter64
USERNAME=zarko.runjevac
OS=Windows_NT
PROCESSOR_IDENTIFIER=Intel64 Family 6 Model 60 Stepping 3, GenuineIntel



---------------  S Y S T E M  ---------------

OS: Windows 8.1 , 64 bit Build 9600 (6.3.9600.17415)

CPU:total 8 (4 cores per cpu, 2 threads per core) family 6 model 60 stepping 3, cmov, cx8, fxsr, mmx, sse, sse2, sse3, ssse3, sse4.1, sse4.2, popcnt, avx, avx2, aes, clmul, erms, rtm, lzcnt, ht, tsc, tscinvbit, bmi1, bmi2

Memory: 4k page, physical 12532956k(838304k free), swap 15678684k(5160k free)

vm_info: Java HotSpot(TM) 64-Bit Server VM (25.65-b01) for windows-amd64 JRE (1.8.0_65-b17), built on Oct  6 2015 16:39:20 by "java_re" with MS VC++ 10.0 (VS2010)

time: Wed Jun 08 09:58:44 2016
elapsed time: 1 seconds (0d 0h 0m 1s)

