#
# There is insufficient memory for the Java Runtime Environment to continue.
# Native memory allocation (malloc) failed to allocate 1865296 bytes for Chunk::new
# Possible reasons:
#   The system is out of physical RAM or swap space
#   In 32 bit mode, the process size limit was hit
# Possible solutions:
#   Reduce memory load on the system
#   Increase physical memory or swap space
#   Check if swap backing store is full
#   Use 64 bit Java on a 64 bit OS
#   Decrease Java heap size (-Xmx/-Xms)
#   Decrease number of Java threads
#   Decrease Java thread stack sizes (-Xss)
#   Set larger code cache with -XX:ReservedCodeCacheSize=
# This output file may be truncated or incomplete.
#
#  Out of Memory Error (allocation.cpp:390), pid=10436, tid=17536
#
# JRE version: Java(TM) SE Runtime Environment (8.0_65-b17) (build 1.8.0_65-b17)
# Java VM: Java HotSpot(TM) 64-Bit Server VM (25.65-b01 mixed mode windows-amd64 compressed oops)
# Failed to write core dump. Minidumps are not enabled by default on client versions of Windows
#

---------------  T H R E A D  ---------------

Current thread (0x000000001e08f800):  JavaThread "C2 CompilerThread2" daemon [_thread_in_native, id=17536, stack(0x000000001e850000,0x000000001e950000)]

Stack: [0x000000001e850000,0x000000001e950000]
[error occurred during error reporting (printing stack bounds), id 0xc0000005]

Native frames: (J=compiled Java code, j=interpreted, Vv=VM code, C=native code)


Current CompileTask:
C2:   2153 1643   !   4       com.android.dx.cf.code.BytecodeArray::parseInstruction (2764 bytes)


---------------  P R O C E S S  ---------------

Java Threads: ( => current thread )
  0x000000001e347000 JavaThread "pool-2-thread-4" [_thread_blocked, id=22504, stack(0x000000001f050000,0x000000001f150000)]
  0x000000001e346800 JavaThread "pool-2-thread-3" [_thread_in_Java, id=9616, stack(0x000000001ef50000,0x000000001f050000)]
  0x000000001e358800 JavaThread "pool-2-thread-2" [_thread_blocked, id=16736, stack(0x000000001ee50000,0x000000001ef50000)]
  0x000000001e342000 JavaThread "pool-3-thread-1" [_thread_blocked, id=22540, stack(0x000000001ed50000,0x000000001ee50000)]
  0x000000001e341000 JavaThread "pool-2-thread-1" [_thread_blocked, id=20044, stack(0x000000001ec50000,0x000000001ed50000)]
  0x000000001e121800 JavaThread "Service Thread" daemon [_thread_blocked, id=3688, stack(0x000000001ea50000,0x000000001eb50000)]
  0x000000001e092800 JavaThread "C1 CompilerThread3" daemon [_thread_blocked, id=25136, stack(0x000000001e950000,0x000000001ea50000)]
=>0x000000001e08f800 JavaThread "C2 CompilerThread2" daemon [_thread_in_native, id=17536, stack(0x000000001e850000,0x000000001e950000)]
  0x000000001e080800 JavaThread "C2 CompilerThread1" daemon [_thread_in_native, id=9548, stack(0x000000001e750000,0x000000001e850000)]
  0x000000001e07d800 JavaThread "C2 CompilerThread0" daemon [_thread_in_native, id=12916, stack(0x000000001e650000,0x000000001e750000)]
  0x000000001e076800 JavaThread "Attach Listener" daemon [_thread_blocked, id=22716, stack(0x000000001e550000,0x000000001e650000)]
  0x000000001e075800 JavaThread "Signal Dispatcher" daemon [_thread_blocked, id=21964, stack(0x000000001e450000,0x000000001e550000)]
  0x000000000241b800 JavaThread "Finalizer" daemon [_thread_blocked, id=22776, stack(0x000000001de70000,0x000000001df70000)]
  0x0000000002415000 JavaThread "Reference Handler" daemon [_thread_blocked, id=26080, stack(0x000000001dd70000,0x000000001de70000)]
  0x000000000231e800 JavaThread "main" [_thread_in_Java, id=23556, stack(0x00000000021b0000,0x00000000022b0000)]

Other Threads:
  0x000000001bf89800 VMThread [stack: 0x000000001dc70000,0x000000001dd70000] [id=16116]
  0x000000001e14e000 WatcherThread [stack: 0x000000001eb50000,0x000000001ec50000] [id=16180]

VM state:not at safepoint (normal execution)

VM Mutex/Monitor currently owned by a thread: None

Heap:
 PSYoungGen      total 57344K, used 52530K [0x000000076ab00000, 0x000000076eb00000, 0x00000007c0000000)
  eden space 49152K, 90% used [0x000000076ab00000,0x000000076d651d48,0x000000076db00000)
  from space 8192K, 99% used [0x000000076db00000,0x000000076e2facd8,0x000000076e300000)
  to   space 8192K, 0% used [0x000000076e300000,0x000000076e300000,0x000000076eb00000)
 ParOldGen       total 131072K, used 1729K [0x00000006c0000000, 0x00000006c8000000, 0x000000076ab00000)
  object space 131072K, 1% used [0x00000006c0000000,0x00000006c01b0740,0x00000006c8000000)
 Metaspace       used 6121K, capacity 7064K, committed 7424K, reserved 1056768K
  class space    used 610K, capacity 656K, committed 768K, reserved 1048576K

Card table byte_map: [0x00000000117e0000,0x0000000011ff0000] byte_map_base: 0x000000000e1e0000

Marking Bits: (ParMarkBitMap*) 0x000000005436a5b0
 Begin Bits: [0x0000000012d50000, 0x0000000016d50000)
 End Bits:   [0x0000000016d50000, 0x000000001ad50000)

Polling page: 0x00000000022b0000

CodeCache: size=245760Kb used=6732Kb max_used=6746Kb free=239027Kb
 bounds [0x0000000002420000, 0x0000000002ac0000, 0x0000000011420000]
 total_blobs=1888 nmethods=1619 adapters=182
 compilation: enabled

Compilation events (10 events):
Event: 2.026 Thread 0x000000001e08f800 nmethod 1630 0x0000000002a93d50 code [0x0000000002a93e80, 0x0000000002a93f38]
Event: 2.026 Thread 0x000000001e08f800 1627       4       com.android.dx.cf.code.Merger::mergeType (142 bytes)
Event: 2.026 Thread 0x000000001e092800 1635       3       java.util.Collections$UnmodifiableCollection::size (10 bytes)
Event: 2.026 Thread 0x000000001e092800 nmethod 1635 0x0000000002a7ed50 code [0x0000000002a7eec0, 0x0000000002a7f0e8]
Event: 2.030 Thread 0x000000001e08f800 nmethod 1627 0x0000000002ab7990 code [0x0000000002ab7b40, 0x0000000002ab7f80]
Event: 2.030 Thread 0x000000001e08f800 1636       4       com.android.dx.rop.code.RegisterSpec::intersect (169 bytes)
Event: 2.032 Thread 0x000000001e08f800 nmethod 1636 0x0000000002a7e790 code [0x0000000002a7e900, 0x0000000002a7eb40]
Event: 2.032 Thread 0x000000001e08f800 1643   !   4       com.android.dx.cf.code.BytecodeArray::parseInstruction (2764 bytes)
Event: 2.087 Thread 0x000000001e092800 1644       3       java.util.concurrent.locks.ReentrantLock::unlock (10 bytes)
Event: 2.087 Thread 0x000000001e092800 nmethod 1644 0x0000000002a92150 code [0x0000000002a922e0, 0x0000000002a926f8]

GC Heap History (2 events):
Event: 0.984 GC heap before
{Heap before GC invocations=1 (full 0):
 PSYoungGen      total 57344K, used 49152K [0x000000076ab00000, 0x000000076eb00000, 0x00000007c0000000)
  eden space 49152K, 100% used [0x000000076ab00000,0x000000076db00000,0x000000076db00000)
  from space 8192K, 0% used [0x000000076e300000,0x000000076e300000,0x000000076eb00000)
  to   space 8192K, 0% used [0x000000076db00000,0x000000076db00000,0x000000076e300000)
 ParOldGen       total 131072K, used 0K [0x00000006c0000000, 0x00000006c8000000, 0x000000076ab00000)
  object space 131072K, 0% used [0x00000006c0000000,0x00000006c0000000,0x00000006c8000000)
 Metaspace       used 5914K, capacity 6960K, committed 7040K, reserved 1056768K
  class space    used 588K, capacity 616K, committed 640K, reserved 1048576K
Event: 1.274 GC heap after
Heap after GC invocations=1 (full 0):
 PSYoungGen      total 57344K, used 8171K [0x000000076ab00000, 0x000000076eb00000, 0x00000007c0000000)
  eden space 49152K, 0% used [0x000000076ab00000,0x000000076ab00000,0x000000076db00000)
  from space 8192K, 99% used [0x000000076db00000,0x000000076e2facd8,0x000000076e300000)
  to   space 8192K, 0% used [0x000000076e300000,0x000000076e300000,0x000000076eb00000)
 ParOldGen       total 131072K, used 1729K [0x00000006c0000000, 0x00000006c8000000, 0x000000076ab00000)
  object space 131072K, 1% used [0x00000006c0000000,0x00000006c01b0740,0x00000006c8000000)
 Metaspace       used 5914K, capacity 6960K, committed 7040K, reserved 1056768K
  class space    used 588K, capacity 616K, committed 640K, reserved 1048576K
}

Deoptimization events (10 events):
Event: 1.450 Thread 0x000000000231e800 Uncommon trap: reason=bimorphic action=maybe_recompile pc=0x00000000029958c0 method=com.android.dx.cf.code.BytecodeArray.parseInstruction(ILcom/android/dx/cf/code/BytecodeArray$Visitor;)I @ 2484
Event: 1.456 Thread 0x000000001e347000 Uncommon trap: reason=bimorphic action=maybe_recompile pc=0x0000000002991888 method=com.android.dx.cf.code.BytecodeArray.parseInstruction(ILcom/android/dx/cf/code/BytecodeArray$Visitor;)I @ 2281
Event: 1.456 Thread 0x000000001e347000 Uncommon trap: reason=bimorphic action=maybe_recompile pc=0x0000000002991888 method=com.android.dx.cf.code.BytecodeArray.parseInstruction(ILcom/android/dx/cf/code/BytecodeArray$Visitor;)I @ 2281
Event: 1.615 Thread 0x000000001e341000 Uncommon trap: reason=unstable_if action=reinterpret pc=0x000000000282ad58 method=java.util.HashMap.putVal(ILjava/lang/Object;Ljava/lang/Object;ZZ)Ljava/lang/Object; @ 162
Event: 1.615 Thread 0x000000001e341000 Uncommon trap: reason=unstable_if action=reinterpret pc=0x000000000298b168 method=java.util.HashMap.getNode(ILjava/lang/Object;)Ljava/util/HashMap$Node; @ 84
Event: 1.676 Thread 0x000000001e346800 Uncommon trap: reason=unstable_if action=reinterpret pc=0x00000000028e5b14 method=com.android.dx.ssa.InterferenceRegisterMapper.interferes(III)Z @ 69
Event: 1.680 Thread 0x000000001e346800 Uncommon trap: reason=unstable_if action=reinterpret pc=0x00000000028f5a6c method=java.util.HashMap.resize()[Ljava/util/HashMap$Node; @ 206
Event: 2.031 Thread 0x000000001e341000 Uncommon trap: reason=bimorphic action=maybe_recompile pc=0x0000000002a9be98 method=com.android.dx.cf.code.BytecodeArray.parseInstruction(ILcom/android/dx/cf/code/BytecodeArray$Visitor;)I @ 1130
Event: 2.031 Thread 0x000000001e341000 Uncommon trap: reason=bimorphic action=maybe_recompile pc=0x0000000002a9ba78 method=com.android.dx.cf.code.BytecodeArray.parseInstruction(ILcom/android/dx/cf/code/BytecodeArray$Visitor;)I @ 907
Event: 2.031 Thread 0x000000001e341000 Uncommon trap: reason=bimorphic action=maybe_recompile pc=0x0000000002a9be98 method=com.android.dx.cf.code.BytecodeArray.parseInstruction(ILcom/android/dx/cf/code/BytecodeArray$Visitor;)I @ 1130

Internal exceptions (7 events):
Event: 0.029 Thread 0x000000000231e800 Exception <a 'java/lang/NoSuchMethodError': Method sun.misc.Unsafe.defineClass(Ljava/lang/String;[BII)Ljava/lang/Class; name or signature does not match> (0x000000076ab0db80) thrown at [C:\workspace\8-2-build-windows-amd64-cygwin\jdk8u65\4987\hotspot\src\sã˜”Ñù?
Event: 0.029 Thread 0x000000000231e800 Exception <a 'java/lang/NoSuchMethodError': Method sun.misc.Unsafe.prefetchRead(Ljava/lang/Object;J)V name or signature does not match> (0x000000076ab0de68) thrown at [C:\workspace\8-2-build-windows-amd64-cygwin\jdk8u65\4987\hotspot\src\share\vm\prims\jni..NA
Event: 0.528 Thread 0x000000000231e800 Implicit null exception at 0x00000000026d9875 to 0x00000000026db289
Event: 0.528 Thread 0x000000000231e800 Implicit null exception at 0x00000000026f675c to 0x00000000026f8089
Event: 1.429 Thread 0x000000001e347000 Exception <a 'java/lang/ArrayIndexOutOfBoundsException': 18> (0x000000076b1d53e0) thrown at [C:\workspace\8-2-build-windows-amd64-cygwin\jdk8u65\4987\hotspot\src\share\vm\interpreter\interpreterRuntime.cpp, line 366]
Event: 1.429 Thread 0x000000001e347000 Exception <a 'java/lang/ArrayIndexOutOfBoundsException'> (0x000000076b1d6f60) thrown at [C:\workspace\8-2-build-windows-amd64-cygwin\jdk8u65\4987\hotspot\src\share\vm\runtime\sharedRuntime.cpp, line 605]
Event: 1.440 Thread 0x000000001e347000 Exception <a 'java/lang/ArrayIndexOutOfBoundsException'> (0x000000076b1d8248) thrown at [C:\workspace\8-2-build-windows-amd64-cygwin\jdk8u65\4987\hotspot\src\share\vm\runtime\sharedRuntime.cpp, line 605]

Events (10 events):
Event: 1.986 loading class com/android/dx/rop/code/RegisterSpec$1 done
Event: 2.031 Thread 0x000000001e341000 Uncommon trap: trap_request=0xffffffc6 fr.pc=0x0000000002a9be98
Event: 2.031 Thread 0x000000001e341000 DEOPT PACKING pc=0x0000000002a9be98 sp=0x000000001ed4e280
Event: 2.031 Thread 0x000000001e341000 DEOPT UNPACKING pc=0x000000000246582a sp=0x000000001ed4e258 mode 2
Event: 2.031 Thread 0x000000001e341000 Uncommon trap: trap_request=0xffffffc6 fr.pc=0x0000000002a9ba78
Event: 2.031 Thread 0x000000001e341000 DEOPT PACKING pc=0x0000000002a9ba78 sp=0x000000001ed4e280
Event: 2.031 Thread 0x000000001e341000 DEOPT UNPACKING pc=0x000000000246582a sp=0x000000001ed4e258 mode 2
Event: 2.031 Thread 0x000000001e341000 Uncommon trap: trap_request=0xffffffc6 fr.pc=0x0000000002a9be98
Event: 2.031 Thread 0x000000001e341000 DEOPT PACKING pc=0x0000000002a9be98 sp=0x000000001ed4e280
Event: 2.031 Thread 0x000000001e341000 DEOPT UNPACKING pc=0x000000000246582a sp=0x000000001ed4e258 mode 2


Dynamic libraries:
0x00007ff7a3b40000 - 0x00007ff7a3b77000 	C:\Program Files\Java\jdk1.8.0_65\bin\java.exe
0x00007fff52c20000 - 0x00007fff52dcd000 	C:\WINDOWS\SYSTEM32\ntdll.dll
0x00007fff52ad0000 - 0x00007fff52c0e000 	C:\WINDOWS\system32\KERNEL32.DLL
0x00007fff4fe20000 - 0x00007fff4ff35000 	C:\WINDOWS\system32\KERNELBASE.dll
0x00007fff4e500000 - 0x00007fff4e58e000 	C:\WINDOWS\system32\apphelp.dll
0x00007fff39860000 - 0x00007fff398b3000 	C:\WINDOWS\AppPatch\AppPatch64\AcGenral.DLL
0x00007fff509c0000 - 0x00007fff50a6a000 	C:\WINDOWS\system32\msvcrt.dll
0x00007fff501d0000 - 0x00007fff501fe000 	C:\WINDOWS\system32\SspiCli.dll
0x00007fff502b0000 - 0x00007fff50304000 	C:\WINDOWS\system32\SHLWAPI.dll
0x00007fff50c70000 - 0x00007fff50de7000 	C:\WINDOWS\system32\USER32.dll
0x00007fff513d0000 - 0x00007fff51564000 	C:\WINDOWS\system32\ole32.dll
0x00007fff51570000 - 0x00007fff52a9a000 	C:\WINDOWS\system32\SHELL32.dll
0x00007fff4f320000 - 0x00007fff4f341000 	C:\WINDOWS\SYSTEM32\USERENV.dll
0x00007fff50df0000 - 0x00007fff50e9a000 	C:\WINDOWS\system32\ADVAPI32.dll
0x00007fff47c00000 - 0x00007fff47c1e000 	C:\WINDOWS\SYSTEM32\MPR.dll
0x00007fff50690000 - 0x00007fff507d0000 	C:\WINDOWS\system32\RPCRT4.dll
0x00007fff50ea0000 - 0x00007fff50ef9000 	C:\WINDOWS\SYSTEM32\sechost.dll
0x00007fff50f00000 - 0x00007fff51111000 	C:\WINDOWS\SYSTEM32\combase.dll
0x00007fff503e0000 - 0x00007fff50530000 	C:\WINDOWS\system32\GDI32.dll
0x00007fff4fd50000 - 0x00007fff4fd65000 	C:\WINDOWS\SYSTEM32\profapi.dll
0x00007fff4e160000 - 0x00007fff4e212000 	C:\WINDOWS\SYSTEM32\SHCORE.dll
0x00007fff511e0000 - 0x00007fff51216000 	C:\WINDOWS\system32\IMM32.DLL
0x00007fff50530000 - 0x00007fff50682000 	C:\WINDOWS\system32\MSCTF.dll
0x00007fff4d890000 - 0x00007fff4db0b000 	C:\WINDOWS\WinSxS\amd64_microsoft.windows.common-controls_6595b64144ccf1df_6.0.9600.18006_none_623f33d3ecbe86e8\COMCTL32.dll
0x0000000054770000 - 0x0000000054842000 	C:\Program Files\Java\jdk1.8.0_65\jre\bin\msvcr100.dll
0x0000000053b60000 - 0x00000000543e9000 	C:\Program Files\Java\jdk1.8.0_65\jre\bin\server\jvm.dll
0x00007fff465e0000 - 0x00007fff465e9000 	C:\WINDOWS\SYSTEM32\WSOCK32.dll
0x00007fff4c340000 - 0x00007fff4c362000 	C:\WINDOWS\SYSTEM32\WINMM.dll
0x00007fff4ebe0000 - 0x00007fff4ebea000 	C:\WINDOWS\SYSTEM32\VERSION.dll
0x00007fff52ac0000 - 0x00007fff52ac7000 	C:\WINDOWS\system32\PSAPI.DLL
0x00007fff50310000 - 0x00007fff5036a000 	C:\WINDOWS\system32\WS2_32.dll
0x00007fff4c2b0000 - 0x00007fff4c2da000 	C:\WINDOWS\SYSTEM32\WINMMBASE.dll
0x00007fff50c60000 - 0x00007fff50c69000 	C:\WINDOWS\system32\NSI.dll
0x00007fff50260000 - 0x00007fff502af000 	C:\WINDOWS\SYSTEM32\cfgmgr32.dll
0x00007fff4e760000 - 0x00007fff4e788000 	C:\WINDOWS\SYSTEM32\DEVOBJ.dll
0x0000000054760000 - 0x000000005476f000 	C:\Program Files\Java\jdk1.8.0_65\jre\bin\verify.dll
0x0000000054730000 - 0x0000000054759000 	C:\Program Files\Java\jdk1.8.0_65\jre\bin\java.dll
0x0000000054710000 - 0x0000000054726000 	C:\Program Files\Java\jdk1.8.0_65\jre\bin\zip.dll

VM Arguments:
jvm_args: -Djava.awt.headless=true -Xmx4g -Dfile.encoding=windows-1252 -Duser.country=US -Duser.language=en -Duser.variant 
java_command: com.android.dx.command.Main --dex --force-jumbo --num-threads=4 --multi-dex --output E:\android mhm\MHM\app\build\intermediates\transforms\dex\debug\folders\1000\10\okhttp-3.2.0_9755bea3034482dfc32b0ce69d9946fbdaf8b190 C:\Users\zarko.runjevac\.gradle\caches\modules-2\files-2.1\com.squareup.okhttp3\okhttp\3.2.0\f7873a2ebde246a45c2a8d6f3247108b4c88a879\okhttp-3.2.0.jar
java_class_path (initial): F:\Development\Android\sdk\build-tools\23.0.0\lib\dx.jar
Launcher Type: SUN_STANDARD

Environment Variables:
JAVA_HOME=C:\Program Files\Java\jdk1.7.0_51
PATH=C:\Program Files (x86)\iis express\PHP\v5.5;C:\Program Files (x86)\iis express\PHP\v5.5;C:\Program Files\PHP\v5.3;C:\Program Files\PHP\v7.0;C:\Program Files (x86)\iis express\PHP\v5.4;C:\ProgramData\Oracle\Java\javapath;C:\Program Files (x86)\iis express\PHP\v5.4;C:\WINDOWS\system32;C:\WINDOWS;C:\WINDOWS\System32\Wbem;C:\WINDOWS\System32\WindowsPowerShell\v1.0\;C:\WINDOWS\idmu\common;C:\Program Files\Microsoft\Web Platform Installer\;C:\Program Files (x86)\Microsoft ASP.NET\ASP.NET Web Pages\v1.0\;C:\Program Files\Microsoft SQL Server\110\Tools\Binn\;C:\Program Files (x86)\Microsoft SQL Server\110\Tools\Binn\ManagementStudio\;C:\Program Files (x86)\Microsoft SQL Server\110\Tools\Binn\;C:\Program Files (x86)\Microsoft SQL Server\110\DTS\Binn\;C:\Program Files (x86)\Dell\SysMgt\shared\bin;C:\Program Files (x86)\QuickTime\QTSystem\;F:\Bin\x86\;C:\Program Files (x86)\Nmap;C:\Program Files\MySQL\MySQL Server 5.1\bin;C:\Program Files (x86)\Windows Kits\8.1\Windows Performance Toolkit\;C:\Program Files\Microsoft SQL;C:\RailsInstaller\Git\cmd;C:\RailsInstaller\Ruby2.1.0\bin;C:\Program Files (x86)\Nmap;C:\phantomjs-2.0.0-windows\bin;C:\Users\zarko.runjevac\AppData\Roaming\npm;C:\Program Files (x86)\Microsoft VS Code\bin;C:\Program Files\nodejs;C:\Program Files\Java\jdk1.8.0_65\bin;C:\Program Files (x86)\Common Files\Acronis\TibMounter64
USERNAME=zarko.runjevac
OS=Windows_NT
PROCESSOR_IDENTIFIER=Intel64 Family 6 Model 60 Stepping 3, GenuineIntel



---------------  S Y S T E M  ---------------

OS: Windows 8.1 , 64 bit Build 9600 (6.3.9600.17415)

CPU:total 8 (4 cores per cpu, 2 threads per core) family 6 model 60 stepping 3, cmov, cx8, fxsr, mmx, sse, sse2, sse3, ssse3, sse4.1, sse4.2, popcnt, avx, avx2, aes, clmul, erms, rtm, lzcnt, ht, tsc, tscinvbit, bmi1, bmi2

Memory: 4k page, physical 12532956k(742256k free), swap 15678684k(5176k free)

vm_info: Java HotSpot(TM) 64-Bit Server VM (25.65-b01) for windows-amd64 JRE (1.8.0_65-b17), built on Oct  6 2015 16:39:20 by "java_re" with MS VC++ 10.0 (VS2010)

time: Wed Jun 08 09:58:46 2016
elapsed time: 2 seconds (0d 0h 0m 2s)

