#
# There is insufficient memory for the Java Runtime Environment to continue.
# Native memory allocation (malloc) failed to allocate 1682976 bytes for Chunk::new
# Possible reasons:
#   The system is out of physical RAM or swap space
#   In 32 bit mode, the process size limit was hit
# Possible solutions:
#   Reduce memory load on the system
#   Increase physical memory or swap space
#   Check if swap backing store is full
#   Use 64 bit Java on a 64 bit OS
#   Decrease Java heap size (-Xmx/-Xms)
#   Decrease number of Java threads
#   Decrease Java thread stack sizes (-Xss)
#   Set larger code cache with -XX:ReservedCodeCacheSize=
# This output file may be truncated or incomplete.
#
#  Out of Memory Error (allocation.cpp:390), pid=16932, tid=21388
#
# JRE version: Java(TM) SE Runtime Environment (8.0_65-b17) (build 1.8.0_65-b17)
# Java VM: Java HotSpot(TM) 64-Bit Server VM (25.65-b01 mixed mode windows-amd64 compressed oops)
# Failed to write core dump. Minidumps are not enabled by default on client versions of Windows
#

---------------  T H R E A D  ---------------

Current thread (0x000000001e897800):  JavaThread "C2 CompilerThread2" daemon [_thread_in_native, id=21388, stack(0x000000001f060000,0x000000001f160000)]

Stack: [0x000000001f060000,0x000000001f160000]
[error occurred during error reporting (printing stack bounds), id 0xc0000005]

Native frames: (J=compiled Java code, j=interpreted, Vv=VM code, C=native code)


Current CompileTask:
C2:    683 1120   !   4       com.android.dx.cf.code.BytecodeArray::parseInstruction (2764 bytes)


---------------  P R O C E S S  ---------------

Java Threads: ( => current thread )
  0x000000001eb78800 JavaThread "pool-2-thread-4" [_thread_blocked, id=16248, stack(0x000000001f860000,0x000000001f960000)]
  0x000000001eb63000 JavaThread "pool-2-thread-3" [_thread_in_Java, id=21108, stack(0x000000001f760000,0x000000001f860000)]
  0x000000001eb52800 JavaThread "pool-2-thread-2" [_thread_in_Java, id=13660, stack(0x000000001f660000,0x000000001f760000)]
  0x000000001eb4d800 JavaThread "pool-3-thread-1" [_thread_blocked, id=20892, stack(0x000000001f560000,0x000000001f660000)]
  0x000000001eb44000 JavaThread "pool-2-thread-1" [_thread_in_Java, id=16292, stack(0x000000001f460000,0x000000001f560000)]
  0x000000001e92d800 JavaThread "Service Thread" daemon [_thread_blocked, id=14280, stack(0x000000001f260000,0x000000001f360000)]
  0x000000001e89b000 JavaThread "C1 CompilerThread3" daemon [_thread_in_vm, id=21572, stack(0x000000001f160000,0x000000001f260000)]
=>0x000000001e897800 JavaThread "C2 CompilerThread2" daemon [_thread_in_native, id=21388, stack(0x000000001f060000,0x000000001f160000)]
  0x000000001e890000 JavaThread "C2 CompilerThread1" daemon [_thread_in_native, id=21620, stack(0x000000001ef60000,0x000000001f060000)]
  0x000000001e889800 JavaThread "C2 CompilerThread0" daemon [_thread_in_native, id=21748, stack(0x000000001ee60000,0x000000001ef60000)]
  0x000000001e887000 JavaThread "Attach Listener" daemon [_thread_blocked, id=21612, stack(0x000000001ed60000,0x000000001ee60000)]
  0x000000001e886800 JavaThread "Signal Dispatcher" daemon [_thread_blocked, id=22484, stack(0x000000001ec60000,0x000000001ed60000)]
  0x0000000002c3a000 JavaThread "Finalizer" daemon [_thread_blocked, id=22508, stack(0x000000001e680000,0x000000001e780000)]
  0x0000000002c33000 JavaThread "Reference Handler" daemon [_thread_blocked, id=22452, stack(0x000000001e580000,0x000000001e680000)]
  0x0000000002a3e800 JavaThread "main" [_thread_in_Java, id=20604, stack(0x0000000002a40000,0x0000000002b40000)]

Other Threads:
  0x000000001c7a9800 VMThread [stack: 0x000000001e480000,0x000000001e580000] [id=15752]
  0x000000001e960800 WatcherThread [stack: 0x000000001f360000,0x000000001f460000] [id=20968]

VM state:not at safepoint (normal execution)

VM Mutex/Monitor currently owned by a thread: None

Heap:
 PSYoungGen      total 57344K, used 13277K [0x000000076ab00000, 0x000000076eb00000, 0x00000007c0000000)
  eden space 49152K, 10% used [0x000000076ab00000,0x000000076affe248,0x000000076db00000)
  from space 8192K, 99% used [0x000000076db00000,0x000000076e2f91f8,0x000000076e300000)
  to   space 8192K, 0% used [0x000000076e300000,0x000000076e300000,0x000000076eb00000)
 ParOldGen       total 131072K, used 1506K [0x00000006c0000000, 0x00000006c8000000, 0x000000076ab00000)
  object space 131072K, 1% used [0x00000006c0000000,0x00000006c0178b80,0x00000006c8000000)
 Metaspace       used 5925K, capacity 6960K, committed 7040K, reserved 1056768K
  class space    used 589K, capacity 616K, committed 640K, reserved 1048576K

Card table byte_map: [0x0000000012000000,0x0000000012810000] byte_map_base: 0x000000000ea00000

Marking Bits: (ParMarkBitMap*) 0x000000005261a5b0
 Begin Bits: [0x0000000013570000, 0x0000000017570000)
 End Bits:   [0x0000000017570000, 0x000000001b570000)

Polling page: 0x00000000012a0000

CodeCache: size=245760Kb used=5374Kb max_used=5374Kb free=240385Kb
 bounds [0x0000000002c40000, 0x0000000003190000, 0x0000000011c40000]
 total_blobs=1601 nmethods=1332 adapters=182
 compilation: enabled

Compilation events (10 events):
Event: 0.681 Thread 0x000000001e89b000 nmethod 1318 0x000000000317b990 code [0x000000000317bb20, 0x000000000317bed8]
Event: 0.681 Thread 0x000000001e89b000 1321       3       java.util.TreeMap::rotateRight (96 bytes)
Event: 0.681 Thread 0x000000001e89b000 nmethod 1321 0x000000000317c010 code [0x000000000317c180, 0x000000000317c510]
Event: 0.681 Thread 0x000000001e89b000 1301       1       java.util.HashMap$Node::getKey (5 bytes)
Event: 0.681 Thread 0x000000001e89b000 nmethod 1301 0x00000000031711d0 code [0x0000000003171320, 0x0000000003171430]
Event: 0.681 Thread 0x000000001e89b000 1314       3       com.android.dx.cf.code.LocalVariableList::concat (97 bytes)
Event: 0.682 Thread 0x000000001e89b000 nmethod 1314 0x000000000317c610 code [0x000000000317c940, 0x000000000317e6a8]
Event: 0.682 Thread 0x000000001e89b000 1348       3       com.android.dx.ssa.InterferenceRegisterMapper::areAnyPinned (81 bytes)
Event: 0.683 Thread 0x000000001e89b000 nmethod 1348 0x000000000317fbd0 code [0x000000000317fdc0, 0x0000000003180a18]
Event: 0.683 Thread 0x000000001e89b000 1351       3       com.android.dx.cf.code.Merger::mergeLocals (122 bytes)

GC Heap History (2 events):
Event: 0.666 GC heap before
{Heap before GC invocations=1 (full 0):
 PSYoungGen      total 57344K, used 49152K [0x000000076ab00000, 0x000000076eb00000, 0x00000007c0000000)
  eden space 49152K, 100% used [0x000000076ab00000,0x000000076db00000,0x000000076db00000)
  from space 8192K, 0% used [0x000000076e300000,0x000000076e300000,0x000000076eb00000)
  to   space 8192K, 0% used [0x000000076db00000,0x000000076db00000,0x000000076e300000)
 ParOldGen       total 131072K, used 0K [0x00000006c0000000, 0x00000006c8000000, 0x000000076ab00000)
  object space 131072K, 0% used [0x00000006c0000000,0x00000006c0000000,0x00000006c8000000)
 Metaspace       used 5908K, capacity 6960K, committed 7040K, reserved 1056768K
  class space    used 589K, capacity 616K, committed 640K, reserved 1048576K
Event: 0.676 GC heap after
Heap after GC invocations=1 (full 0):
 PSYoungGen      total 57344K, used 8164K [0x000000076ab00000, 0x000000076eb00000, 0x00000007c0000000)
  eden space 49152K, 0% used [0x000000076ab00000,0x000000076ab00000,0x000000076db00000)
  from space 8192K, 99% used [0x000000076db00000,0x000000076e2f91f8,0x000000076e300000)
  to   space 8192K, 0% used [0x000000076e300000,0x000000076e300000,0x000000076eb00000)
 ParOldGen       total 131072K, used 1506K [0x00000006c0000000, 0x00000006c8000000, 0x000000076ab00000)
  object space 131072K, 1% used [0x00000006c0000000,0x00000006c0178b80,0x00000006c8000000)
 Metaspace       used 5908K, capacity 6960K, committed 7040K, reserved 1056768K
  class space    used 589K, capacity 616K, committed 640K, reserved 1048576K
}

Deoptimization events (10 events):
Event: 0.311 Thread 0x000000001eb44000 Uncommon trap: reason=class_check action=maybe_recompile pc=0x0000000002ea3270 method=com.android.dx.ssa.NormalSsaInsn.accept(Lcom/android/dx/ssa/SsaInsn$Visitor;)V @ 9
Event: 0.340 Thread 0x000000001eb78800 Uncommon trap: reason=class_check action=maybe_recompile pc=0x0000000002ea3270 method=com.android.dx.ssa.NormalSsaInsn.accept(Lcom/android/dx/ssa/SsaInsn$Visitor;)V @ 9
Event: 0.340 Thread 0x000000001eb78800 Uncommon trap: reason=class_check action=maybe_recompile pc=0x0000000002ea3270 method=com.android.dx.ssa.NormalSsaInsn.accept(Lcom/android/dx/ssa/SsaInsn$Visitor;)V @ 9
Event: 0.399 Thread 0x000000001eb78800 Uncommon trap: reason=null_check action=make_not_entrant pc=0x0000000002f1f688 method=com.android.dx.ssa.SsaRenamer.getLocalForNewReg(I)Lcom/android/dx/rop/code/LocalItem; @ 19
Event: 0.402 Thread 0x0000000002a3e800 Uncommon trap: reason=class_check action=maybe_recompile pc=0x0000000002ea3270 method=com.android.dx.ssa.NormalSsaInsn.accept(Lcom/android/dx/ssa/SsaInsn$Visitor;)V @ 9
Event: 0.516 Thread 0x000000001eb52800 Uncommon trap: reason=bimorphic action=maybe_recompile pc=0x0000000002e3edd8 method=java.util.HashMap.getNode(ILjava/lang/Object;)Ljava/util/HashMap$Node; @ 126
Event: 0.523 Thread 0x000000001eb78800 Uncommon trap: reason=unstable_if action=reinterpret pc=0x0000000002f3c8a8 method=com.android.dx.rop.code.RegisterSpec.equals(ILcom/android/dx/rop/type/TypeBearer;Lcom/android/dx/rop/code/LocalItem;)Z @ 42
Event: 0.544 Thread 0x000000001eb44000 Uncommon trap: reason=unstable_if action=reinterpret pc=0x0000000002f5821c method=com.android.dx.rop.cst.Constant.compareTo(Lcom/android/dx/rop/cst/Constant;)I @ 12
Event: 0.582 Thread 0x000000001eb44000 Uncommon trap: reason=unstable_if action=reinterpret pc=0x00000000030d105c method=com.android.dx.ssa.SCCP.simulateStmt(Lcom/android/dx/ssa/SsaInsn;)V @ 53
Event: 0.615 Thread 0x000000001eb44000 Uncommon trap: reason=unstable_if action=reinterpret pc=0x0000000002ff8e3c method=com.android.dx.rop.code.LocalItem.compareHandlesNulls(Lcom/android/dx/rop/cst/CstString;Lcom/android/dx/rop/cst/CstString;)I @ 8

Internal exceptions (4 events):
Event: 0.030 Thread 0x0000000002a3e800 Exception <a 'java/lang/NoSuchMethodError': Method sun.misc.Unsafe.defineClass(Ljava/lang/String;[BII)Ljava/lang/Class; name or signature does not match> (0x000000076ab0db78) thrown at [C:\workspace\8-2-build-windows-amd64-cygwin\jdk8u65\4987\hotspot\src\sÙòMdž?
Event: 0.030 Thread 0x0000000002a3e800 Exception <a 'java/lang/NoSuchMethodError': Method sun.misc.Unsafe.prefetchRead(Ljava/lang/Object;J)V name or signature does not match> (0x000000076ab0de60) thrown at [C:\workspace\8-2-build-windows-amd64-cygwin\jdk8u65\4987\hotspot\src\share\vm\prims\jni.0íøŠaƒÙ?
Event: 0.399 Thread 0x000000001eb78800 Implicit null exception at 0x0000000002f1dc35 to 0x0000000002f1f63d
Event: 0.615 Thread 0x000000001eb44000 Implicit null exception at 0x0000000002ff8c70 to 0x0000000002ff8e29

Events (10 events):
Event: 0.582 Thread 0x000000001eb44000 Uncommon trap: trap_request=0xffffff65 fr.pc=0x00000000030d105c
Event: 0.582 Thread 0x000000001eb44000 DEOPT PACKING pc=0x00000000030d105c sp=0x000000001f55e9c0
Event: 0.582 Thread 0x000000001eb44000 DEOPT UNPACKING pc=0x0000000002c8582a sp=0x000000001f55e988 mode 2
Event: 0.613 Thread 0x000000001eb44000 DEOPT PACKING pc=0x0000000002eb72fd sp=0x000000001f55e940
Event: 0.613 Thread 0x000000001eb44000 DEOPT UNPACKING pc=0x0000000002c8787f sp=0x000000001f55e720 mode 0
Event: 0.615 Thread 0x000000001eb44000 Uncommon trap: trap_request=0xffffff65 fr.pc=0x0000000002ff8e3c
Event: 0.615 Thread 0x000000001eb44000 DEOPT PACKING pc=0x0000000002ff8e3c sp=0x000000001f55ead0
Event: 0.615 Thread 0x000000001eb44000 DEOPT UNPACKING pc=0x0000000002c8582a sp=0x000000001f55ea10 mode 2
Event: 0.665 Executing VM operation: ParallelGCFailedAllocation
Event: 0.676 Executing VM operation: ParallelGCFailedAllocation done


Dynamic libraries:
0x00007ff78f520000 - 0x00007ff78f557000 	C:\Program Files\Java\jdk1.8.0_65\bin\java.exe
0x00007ff990a20000 - 0x00007ff990bcd000 	C:\WINDOWS\SYSTEM32\ntdll.dll
0x00007ff98ea90000 - 0x00007ff98ebce000 	C:\WINDOWS\system32\KERNEL32.DLL
0x00007ff98dca0000 - 0x00007ff98ddb5000 	C:\WINDOWS\system32\KERNELBASE.dll
0x00007ff98c300000 - 0x00007ff98c38e000 	C:\WINDOWS\system32\apphelp.dll
0x00007ff97adf0000 - 0x00007ff97ae43000 	C:\WINDOWS\AppPatch\AppPatch64\AcGenral.DLL
0x00007ff98e4d0000 - 0x00007ff98e57a000 	C:\WINDOWS\system32\msvcrt.dll
0x00007ff98dc70000 - 0x00007ff98dc9e000 	C:\WINDOWS\system32\SspiCli.dll
0x00007ff98ea20000 - 0x00007ff98ea74000 	C:\WINDOWS\system32\SHLWAPI.dll
0x00007ff9908a0000 - 0x00007ff990a17000 	C:\WINDOWS\system32\USER32.dll
0x00007ff98e880000 - 0x00007ff98ea14000 	C:\WINDOWS\system32\ole32.dll
0x00007ff98f000000 - 0x00007ff99052a000 	C:\WINDOWS\system32\SHELL32.dll
0x00007ff98d1f0000 - 0x00007ff98d211000 	C:\WINDOWS\SYSTEM32\USERENV.dll
0x00007ff98e180000 - 0x00007ff98e22a000 	C:\WINDOWS\system32\ADVAPI32.dll
0x00007ff9852a0000 - 0x00007ff9852be000 	C:\WINDOWS\SYSTEM32\MPR.dll
0x00007ff98ebe0000 - 0x00007ff98ed20000 	C:\WINDOWS\system32\RPCRT4.dll
0x00007ff98e7c0000 - 0x00007ff98e819000 	C:\WINDOWS\SYSTEM32\sechost.dll
0x00007ff98e2b0000 - 0x00007ff98e4c1000 	C:\WINDOWS\SYSTEM32\combase.dll
0x00007ff990530000 - 0x00007ff99067f000 	C:\WINDOWS\system32\GDI32.dll
0x00007ff98db50000 - 0x00007ff98db65000 	C:\WINDOWS\SYSTEM32\profapi.dll
0x00007ff98bd30000 - 0x00007ff98bde2000 	C:\WINDOWS\SYSTEM32\SHCORE.dll
0x00007ff9906a0000 - 0x00007ff9906d6000 	C:\WINDOWS\system32\IMM32.DLL
0x00007ff98ed20000 - 0x00007ff98ee72000 	C:\WINDOWS\system32\MSCTF.dll
0x00007ff98a340000 - 0x00007ff98a5bb000 	C:\WINDOWS\WinSxS\amd64_microsoft.windows.common-controls_6595b64144ccf1df_6.0.9600.18006_none_623f33d3ecbe86e8\COMCTL32.dll
0x00000000526a0000 - 0x0000000052772000 	C:\Program Files\Java\jdk1.8.0_65\jre\bin\msvcr100.dll
0x0000000051e10000 - 0x0000000052699000 	C:\Program Files\Java\jdk1.8.0_65\jre\bin\server\jvm.dll
0x00007ff9842b0000 - 0x00007ff9842b9000 	C:\WINDOWS\SYSTEM32\WSOCK32.dll
0x00007ff989d80000 - 0x00007ff989da2000 	C:\WINDOWS\SYSTEM32\WINMM.dll
0x00007ff98c9e0000 - 0x00007ff98c9ea000 	C:\WINDOWS\SYSTEM32\VERSION.dll
0x00007ff98ea80000 - 0x00007ff98ea87000 	C:\WINDOWS\system32\PSAPI.DLL
0x00007ff98e820000 - 0x00007ff98e87a000 	C:\WINDOWS\system32\WS2_32.dll
0x00007ff9899f0000 - 0x00007ff989a1a000 	C:\WINDOWS\SYSTEM32\WINMMBASE.dll
0x00007ff9906e0000 - 0x00007ff9906e9000 	C:\WINDOWS\system32\NSI.dll
0x00007ff98dc20000 - 0x00007ff98dc6f000 	C:\WINDOWS\SYSTEM32\cfgmgr32.dll
0x00007ff98c560000 - 0x00007ff98c588000 	C:\WINDOWS\SYSTEM32\DEVOBJ.dll
0x0000000051e00000 - 0x0000000051e0f000 	C:\Program Files\Java\jdk1.8.0_65\jre\bin\verify.dll
0x0000000051dd0000 - 0x0000000051df9000 	C:\Program Files\Java\jdk1.8.0_65\jre\bin\java.dll
0x0000000051db0000 - 0x0000000051dc6000 	C:\Program Files\Java\jdk1.8.0_65\jre\bin\zip.dll

VM Arguments:
jvm_args: -Djava.awt.headless=true -Xmx4g -Dfile.encoding=windows-1252 -Duser.country=US -Duser.language=en -Duser.variant 
java_command: com.android.dx.command.Main --dex --force-jumbo --num-threads=4 --multi-dex --output E:\android mhm\MHM\app\build\intermediates\transforms\dex\debug\folders\1000\10\okhttp-2.4.0_a01c517d56ac544cc45867a8fba68df218241809 C:\Users\zarko.runjevac\.gradle\caches\modules-2\files-2.1\com.squareup.okhttp\okhttp\2.4.0\40340c0748190fe897baf7bffbc1b282734294e5\okhttp-2.4.0.jar
java_class_path (initial): F:\Development\Android\sdk\build-tools\23.0.0\lib\dx.jar
Launcher Type: SUN_STANDARD

Environment Variables:
JAVA_HOME=C:\Program Files\Java\jdk1.7.0_51
PATH=C:\Program Files (x86)\iis express\PHP\v5.5;C:\Program Files (x86)\iis express\PHP\v5.5;C:\Program Files\PHP\v5.3;C:\Program Files\PHP\v7.0;C:\Program Files (x86)\iis express\PHP\v5.4;C:\ProgramData\Oracle\Java\javapath;C:\Program Files (x86)\iis express\PHP\v5.4;C:\WINDOWS\system32;C:\WINDOWS;C:\WINDOWS\System32\Wbem;C:\WINDOWS\System32\WindowsPowerShell\v1.0\;C:\WINDOWS\idmu\common;C:\Program Files\Microsoft\Web Platform Installer\;C:\Program Files (x86)\Microsoft ASP.NET\ASP.NET Web Pages\v1.0\;C:\Program Files\Microsoft SQL Server\110\Tools\Binn\;C:\Program Files (x86)\Microsoft SQL Server\110\Tools\Binn\ManagementStudio\;C:\Program Files (x86)\Microsoft SQL Server\110\Tools\Binn\;C:\Program Files (x86)\Microsoft SQL Server\110\DTS\Binn\;C:\Program Files (x86)\Dell\SysMgt\shared\bin;C:\Program Files (x86)\QuickTime\QTSystem\;F:\Bin\x86\;C:\Program Files (x86)\Nmap;C:\Program Files\MySQL\MySQL Server 5.1\bin;C:\Program Files (x86)\Windows Kits\8.1\Windows Performance Toolkit\;C:\Program Files\Microsoft SQL;C:\RailsInstaller\Git\cmd;C:\RailsInstaller\Ruby2.1.0\bin;C:\Program Files (x86)\Nmap;C:\phantomjs-2.0.0-windows\bin;C:\Users\zarko.runjevac\AppData\Roaming\npm;C:\Program Files (x86)\Microsoft VS Code\bin;C:\Program Files\nodejs;C:\Program Files\Java\jdk1.8.0_65\bin;C:\Program Files (x86)\Common Files\Acronis\TibMounter64
USERNAME=zarko.runjevac
OS=Windows_NT
PROCESSOR_IDENTIFIER=Intel64 Family 6 Model 60 Stepping 3, GenuineIntel



---------------  S Y S T E M  ---------------

OS: Windows 8.1 , 64 bit Build 9600 (6.3.9600.17415)

CPU:total 8 (4 cores per cpu, 2 threads per core) family 6 model 60 stepping 3, cmov, cx8, fxsr, mmx, sse, sse2, sse3, ssse3, sse4.1, sse4.2, popcnt, avx, avx2, aes, clmul, erms, rtm, lzcnt, ht, tsc, tscinvbit, bmi1, bmi2

Memory: 4k page, physical 12532956k(819908k free), swap 15678684k(5916k free)

vm_info: Java HotSpot(TM) 64-Bit Server VM (25.65-b01) for windows-amd64 JRE (1.8.0_65-b17), built on Oct  6 2015 16:39:20 by "java_re" with MS VC++ 10.0 (VS2010)

time: Tue Aug 09 14:45:05 2016
elapsed time: 0 seconds (0d 0h 0m 0s)

