#
# There is insufficient memory for the Java Runtime Environment to continue.
# Native memory allocation (malloc) failed to allocate 231072 bytes for Chunk::new
# Possible reasons:
#   The system is out of physical RAM or swap space
#   In 32 bit mode, the process size limit was hit
# Possible solutions:
#   Reduce memory load on the system
#   Increase physical memory or swap space
#   Check if swap backing store is full
#   Use 64 bit Java on a 64 bit OS
#   Decrease Java heap size (-Xmx/-Xms)
#   Decrease number of Java threads
#   Decrease Java thread stack sizes (-Xss)
#   Set larger code cache with -XX:ReservedCodeCacheSize=
# This output file may be truncated or incomplete.
#
#  Out of Memory Error (allocation.cpp:390), pid=21144, tid=22156
#
# JRE version: Java(TM) SE Runtime Environment (8.0_65-b17) (build 1.8.0_65-b17)
# Java VM: Java HotSpot(TM) 64-Bit Server VM (25.65-b01 mixed mode windows-amd64 compressed oops)
# Failed to write core dump. Minidumps are not enabled by default on client versions of Windows
#

---------------  T H R E A D  ---------------

Current thread (0x000000001e8ff000):  JavaThread "C2 CompilerThread1" daemon [_thread_in_native, id=22156, stack(0x000000001efd0000,0x000000001f0d0000)]

Stack: [0x000000001efd0000,0x000000001f0d0000]
[error occurred during error reporting (printing stack bounds), id 0xc0000005]

Native frames: (J=compiled Java code, j=interpreted, Vv=VM code, C=native code)


Current CompileTask:
C2:    493  633       4       com.android.dx.ssa.SsaBasicBlock::forEachInsn (37 bytes)


---------------  P R O C E S S  ---------------

Java Threads: ( => current thread )
  0x000000001ec42800 JavaThread "pool-2-thread-3" [_thread_in_Java, id=19472, stack(0x000000001f7d0000,0x000000001f8d0000)]
  0x000000001ead7000 JavaThread "pool-3-thread-1" [_thread_blocked, id=7672, stack(0x000000001f5d0000,0x000000001f6d0000)]
  0x000000001e997800 JavaThread "Service Thread" daemon [_thread_blocked, id=14792, stack(0x000000001f2d0000,0x000000001f3d0000)]
  0x000000001e90a800 JavaThread "C1 CompilerThread3" daemon [_thread_in_native, id=21828, stack(0x000000001f1d0000,0x000000001f2d0000)]
  0x000000001e907800 JavaThread "C2 CompilerThread2" daemon [_thread_in_native, id=21664, stack(0x000000001f0d0000,0x000000001f1d0000)]
=>0x000000001e8ff000 JavaThread "C2 CompilerThread1" daemon [_thread_in_native, id=22156, stack(0x000000001efd0000,0x000000001f0d0000)]
  0x000000001e8f9000 JavaThread "C2 CompilerThread0" daemon [_thread_in_native, id=21064, stack(0x000000001eed0000,0x000000001efd0000)]
  0x000000001e8f6000 JavaThread "Attach Listener" daemon [_thread_blocked, id=4624, stack(0x000000001edd0000,0x000000001eed0000)]
  0x000000001e8f5800 JavaThread "Signal Dispatcher" daemon [_thread_blocked, id=22360, stack(0x000000001ecd0000,0x000000001edd0000)]
  0x0000000002cfa000 JavaThread "Finalizer" daemon [_thread_blocked, id=20712, stack(0x000000001e6f0000,0x000000001e7f0000)]
  0x0000000002cf3000 JavaThread "Reference Handler" daemon [_thread_blocked, id=13744, stack(0x000000001e5f0000,0x000000001e6f0000)]
  0x0000000002afe800 JavaThread "main" [_thread_blocked, id=18780, stack(0x0000000002b00000,0x0000000002c00000)]

Other Threads:
  0x000000001c819800 VMThread [stack: 0x000000001e4f0000,0x000000001e5f0000] [id=18516]
  0x000000001e9ae800 WatcherThread [stack: 0x000000001f3d0000,0x000000001f4d0000] [id=22300]

VM state:not at safepoint (normal execution)

VM Mutex/Monitor currently owned by a thread: None

Heap:
 PSYoungGen      total 57344K, used 17705K [0x000000076ab00000, 0x000000076eb00000, 0x00000007c0000000)
  eden space 49152K, 36% used [0x000000076ab00000,0x000000076bc4a730,0x000000076db00000)
  from space 8192K, 0% used [0x000000076e300000,0x000000076e300000,0x000000076eb00000)
  to   space 8192K, 0% used [0x000000076db00000,0x000000076db00000,0x000000076e300000)
 ParOldGen       total 131072K, used 0K [0x00000006c0000000, 0x00000006c8000000, 0x000000076ab00000)
  object space 131072K, 0% used [0x00000006c0000000,0x00000006c0000000,0x00000006c8000000)
 Metaspace       used 5605K, capacity 6704K, committed 6784K, reserved 1056768K
  class space    used 592K, capacity 616K, committed 640K, reserved 1048576K

Card table byte_map: [0x00000000120c0000,0x00000000128d0000] byte_map_base: 0x000000000eac0000

Marking Bits: (ParMarkBitMap*) 0x000000006e86a5b0
 Begin Bits: [0x0000000013630000, 0x0000000017630000)
 End Bits:   [0x0000000017630000, 0x000000001b630000)

Polling page: 0x0000000001160000

CodeCache: size=245760Kb used=2778Kb max_used=2778Kb free=242981Kb
 bounds [0x0000000002d00000, 0x0000000002fc0000, 0x0000000011d00000]
 total_blobs=953 nmethods=682 adapters=182
 compilation: enabled

Compilation events (10 events):
Event: 0.487 Thread 0x000000001e8f9000  697       4       com.android.dx.util.BitIntSet::ensureCapacity (51 bytes)
Event: 0.487 Thread 0x000000001e90a800 nmethod 694 0x0000000002fb59d0 code [0x0000000002fb5c40, 0x0000000002fb6e18]
Event: 0.487 Thread 0x000000001e90a800  681   !   3       com.android.dx.cf.code.RopperMachine::run (1550 bytes)
Event: 0.488 Thread 0x000000001e907800 nmethod 696 0x0000000002fa0f10 code [0x0000000002fa1060, 0x0000000002fa11b8]
Event: 0.488 Thread 0x000000001e907800  698       4       com.android.dx.util.Bits::set (38 bytes)
Event: 0.488 Thread 0x000000001e907800 nmethod 698 0x0000000002fa0c50 code [0x0000000002fa0d80, 0x0000000002fa0e38]
Event: 0.488 Thread 0x000000001e8f9000 nmethod 697 0x0000000002faec50 code [0x0000000002faeda0, 0x0000000002faef78]
Event: 0.489 Thread 0x000000001e907800  699   !   4       com.android.dx.rop.code.RegisterSpecSet::put (104 bytes)
Event: 0.491 Thread 0x000000001e8f9000  704       4       com.android.dx.ssa.SsaMethod::getDefinitionForRegister (61 bytes)
Event: 0.492 Thread 0x000000001e907800 nmethod 699 0x0000000002fae490 code [0x0000000002fae600, 0x0000000002fae8d8]

GC Heap History (0 events):
No events

Deoptimization events (1 events):
Event: 0.413 Thread 0x000000001ec42800 Uncommon trap: reason=unstable_if action=reinterpret pc=0x0000000002ee4360 method=java.util.HashMap.getNode(ILjava/lang/Object;)Ljava/util/HashMap$Node; @ 62

Internal exceptions (2 events):
Event: 0.050 Thread 0x0000000002afe800 Exception <a 'java/lang/NoSuchMethodError': Method sun.misc.Unsafe.defineClass(Ljava/lang/String;[BII)Ljava/lang/Class; name or signature does not match> (0x000000076ab0da78) thrown at [C:\workspace\8-2-build-windows-amd64-cygwin\jdk8u65\4987\hotspot\src\swq‚âGk©?
Event: 0.050 Thread 0x0000000002afe800 Exception <a 'java/lang/NoSuchMethodError': Method sun.misc.Unsafe.prefetchRead(Ljava/lang/Object;J)V name or signature does not match> (0x000000076ab0dd60) thrown at [C:\workspace\8-2-build-windows-amd64-cygwin\jdk8u65\4987\hotspot\src\share\vm\prims\jni.

Events (10 events):
Event: 0.416 loading class java/util/HashMap$Values done
Event: 0.416 loading class java/util/HashMap$ValueIterator
Event: 0.416 loading class java/util/HashMap$ValueIterator done
Event: 0.424 Thread 0x000000001ec3f800 Thread exited: 0x000000001ec3f800
Event: 0.426 loading class java/util/DualPivotQuicksort
Event: 0.426 loading class java/util/DualPivotQuicksort done
Event: 0.427 loading class com/android/dx/dex/file/MethodAnnotationStruct
Event: 0.427 loading class com/android/dx/dex/file/MethodAnnotationStruct done
Event: 0.449 loading class java/util/ArrayList$1
Event: 0.449 loading class java/util/ArrayList$1 done


Dynamic libraries:
0x00007ff744890000 - 0x00007ff7448c7000 	C:\Program Files\Java\jdk1.8.0_65\bin\java.exe
0x00007ffe011f0000 - 0x00007ffe0139d000 	C:\WINDOWS\SYSTEM32\ntdll.dll
0x00007ffe009f0000 - 0x00007ffe00b2e000 	C:\WINDOWS\system32\KERNEL32.DLL
0x00007ffdfe3f0000 - 0x00007ffdfe505000 	C:\WINDOWS\system32\KERNELBASE.dll
0x00007ffdfcad0000 - 0x00007ffdfcb5e000 	C:\WINDOWS\system32\apphelp.dll
0x00007ffde5cb0000 - 0x00007ffde5d03000 	C:\WINDOWS\AppPatch\AppPatch64\AcGenral.DLL
0x00007ffe00670000 - 0x00007ffe0071a000 	C:\WINDOWS\system32\msvcrt.dll
0x00007ffdfe7a0000 - 0x00007ffdfe7ce000 	C:\WINDOWS\system32\SspiCli.dll
0x00007ffe01010000 - 0x00007ffe01064000 	C:\WINDOWS\system32\SHLWAPI.dll
0x00007ffe00e10000 - 0x00007ffe00f87000 	C:\WINDOWS\system32\USER32.dll
0x00007ffe00380000 - 0x00007ffe00514000 	C:\WINDOWS\system32\ole32.dll
0x00007ffdfec30000 - 0x00007ffe0015a000 	C:\WINDOWS\system32\SHELL32.dll
0x00007ffdfd8f0000 - 0x00007ffdfd911000 	C:\WINDOWS\SYSTEM32\USERENV.dll
0x00007ffe002c0000 - 0x00007ffe0036a000 	C:\WINDOWS\system32\ADVAPI32.dll
0x00007ffdf6600000 - 0x00007ffdf661e000 	C:\WINDOWS\SYSTEM32\MPR.dll
0x00007ffe00520000 - 0x00007ffe00660000 	C:\WINDOWS\system32\RPCRT4.dll
0x00007ffe01130000 - 0x00007ffe01189000 	C:\WINDOWS\SYSTEM32\sechost.dll
0x00007ffe00b30000 - 0x00007ffe00d41000 	C:\WINDOWS\SYSTEM32\combase.dll
0x00007ffdfe8e0000 - 0x00007ffdfea30000 	C:\WINDOWS\system32\GDI32.dll
0x00007ffdfe320000 - 0x00007ffdfe335000 	C:\WINDOWS\SYSTEM32\profapi.dll
0x00007ffdfc500000 - 0x00007ffdfc5b2000 	C:\WINDOWS\SYSTEM32\SHCORE.dll
0x00007ffe00720000 - 0x00007ffe00756000 	C:\WINDOWS\system32\IMM32.DLL
0x00007ffe00160000 - 0x00007ffe002b2000 	C:\WINDOWS\system32\MSCTF.dll
0x00007ffdfbb80000 - 0x00007ffdfbdfb000 	C:\WINDOWS\WinSxS\amd64_microsoft.windows.common-controls_6595b64144ccf1df_6.0.9600.18006_none_623f33d3ecbe86e8\COMCTL32.dll
0x000000006efd0000 - 0x000000006f0a2000 	C:\Program Files\Java\jdk1.8.0_65\jre\bin\msvcr100.dll
0x000000006e060000 - 0x000000006e8e9000 	C:\Program Files\Java\jdk1.8.0_65\jre\bin\server\jvm.dll
0x00007ffdf5550000 - 0x00007ffdf5559000 	C:\WINDOWS\SYSTEM32\WSOCK32.dll
0x00007ffdfa7e0000 - 0x00007ffdfa802000 	C:\WINDOWS\SYSTEM32\WINMM.dll
0x00007ffdfd1b0000 - 0x00007ffdfd1ba000 	C:\WINDOWS\SYSTEM32\VERSION.dll
0x00007ffe00660000 - 0x00007ffe00667000 	C:\WINDOWS\system32\PSAPI.DLL
0x00007ffdfe880000 - 0x00007ffdfe8da000 	C:\WINDOWS\system32\WS2_32.dll
0x00007ffdfa5d0000 - 0x00007ffdfa5fa000 	C:\WINDOWS\SYSTEM32\WINMMBASE.dll
0x00007ffe00f90000 - 0x00007ffe00f99000 	C:\WINDOWS\system32\NSI.dll
0x00007ffdfe750000 - 0x00007ffdfe79f000 	C:\WINDOWS\SYSTEM32\cfgmgr32.dll
0x00007ffdfcd50000 - 0x00007ffdfcd78000 	C:\WINDOWS\SYSTEM32\DEVOBJ.dll
0x000000006efa0000 - 0x000000006efaf000 	C:\Program Files\Java\jdk1.8.0_65\jre\bin\verify.dll
0x000000006ef70000 - 0x000000006ef99000 	C:\Program Files\Java\jdk1.8.0_65\jre\bin\java.dll
0x000000006ef50000 - 0x000000006ef66000 	C:\Program Files\Java\jdk1.8.0_65\jre\bin\zip.dll

VM Arguments:
jvm_args: -Djava.awt.headless=true -Xmx4g -Dfile.encoding=windows-1252 -Duser.country=US -Duser.language=en -Duser.variant 
java_command: com.android.dx.command.Main --dex --force-jumbo --num-threads=4 --multi-dex --output E:\android mhm\MHM\app\build\intermediates\transforms\dex\debug\folders\1000\10\com.android.support-animated-vector-drawable-24.0.0-alpha1_23a6f6e903a806f04434196047f245d9153d4201 E:\android mhm\MHM\app\build\intermediates\exploded-aar\com.android.support\animated-vector-drawable\24.0.0-alpha1\jars\classes.jar
java_class_path (initial): F:\Development\Android\sdk\build-tools\23.0.0\lib\dx.jar
Launcher Type: SUN_STANDARD

Environment Variables:
JAVA_HOME=C:\Program Files\Java\jdk1.7.0_51
PATH=C:\Program Files (x86)\iis express\PHP\v5.5;C:\Program Files (x86)\iis express\PHP\v5.5;C:\Program Files\PHP\v5.3;C:\Program Files\PHP\v7.0;C:\Program Files (x86)\iis express\PHP\v5.4;C:\ProgramData\Oracle\Java\javapath;C:\Program Files (x86)\iis express\PHP\v5.4;C:\WINDOWS\system32;C:\WINDOWS;C:\WINDOWS\System32\Wbem;C:\WINDOWS\System32\WindowsPowerShell\v1.0\;C:\WINDOWS\idmu\common;C:\Program Files\Microsoft\Web Platform Installer\;C:\Program Files (x86)\Microsoft ASP.NET\ASP.NET Web Pages\v1.0\;C:\Program Files\Microsoft SQL Server\110\Tools\Binn\;C:\Program Files (x86)\Microsoft SQL Server\110\Tools\Binn\ManagementStudio\;C:\Program Files (x86)\Microsoft SQL Server\110\Tools\Binn\;C:\Program Files (x86)\Microsoft SQL Server\110\DTS\Binn\;C:\Program Files (x86)\Dell\SysMgt\shared\bin;C:\Program Files (x86)\QuickTime\QTSystem\;F:\Bin\x86\;C:\Program Files (x86)\Nmap;C:\Program Files\MySQL\MySQL Server 5.1\bin;C:\Program Files (x86)\Windows Kits\8.1\Windows Performance Toolkit\;C:\Program Files\Microsoft SQL;C:\RailsInstaller\Git\cmd;C:\RailsInstaller\Ruby2.1.0\bin;C:\Program Files (x86)\Nmap;C:\phantomjs-2.0.0-windows\bin;C:\Users\zarko.runjevac\AppData\Roaming\npm;C:\Program Files (x86)\Microsoft VS Code\bin;C:\Program Files\nodejs;C:\Program Files\Java\jdk1.8.0_65\bin;C:\Program Files (x86)\Common Files\Acronis\TibMounter64
USERNAME=zarko.runjevac
OS=Windows_NT
PROCESSOR_IDENTIFIER=Intel64 Family 6 Model 60 Stepping 3, GenuineIntel



---------------  S Y S T E M  ---------------

OS: Windows 8.1 , 64 bit Build 9600 (6.3.9600.17415)

CPU:total 8 (4 cores per cpu, 2 threads per core) family 6 model 60 stepping 3, cmov, cx8, fxsr, mmx, sse, sse2, sse3, ssse3, sse4.1, sse4.2, popcnt, avx, avx2, aes, clmul, erms, rtm, lzcnt, ht, tsc, tscinvbit, bmi1, bmi2

Memory: 4k page, physical 12532956k(1420360k free), swap 15678684k(5052k free)

vm_info: Java HotSpot(TM) 64-Bit Server VM (25.65-b01) for windows-amd64 JRE (1.8.0_65-b17), built on Oct  6 2015 16:39:20 by "java_re" with MS VC++ 10.0 (VS2010)

time: Tue Jun 14 09:27:37 2016
elapsed time: 0 seconds (0d 0h 0m 0s)

