#
# There is insufficient memory for the Java Runtime Environment to continue.
# Native memory allocation (malloc) failed to allocate 17448 bytes for AllocateHeap
# Possible reasons:
#   The system is out of physical RAM or swap space
#   In 32 bit mode, the process size limit was hit
# Possible solutions:
#   Reduce memory load on the system
#   Increase physical memory or swap space
#   Check if swap backing store is full
#   Use 64 bit Java on a 64 bit OS
#   Decrease Java heap size (-Xmx/-Xms)
#   Decrease number of Java threads
#   Decrease Java thread stack sizes (-Xss)
#   Set larger code cache with -XX:ReservedCodeCacheSize=
# This output file may be truncated or incomplete.
#
#  Out of Memory Error (memory/allocation.inline.hpp:61), pid=11844, tid=21292
#
# JRE version: Java(TM) SE Runtime Environment (8.0_65-b17) (build 1.8.0_65-b17)
# Java VM: Java HotSpot(TM) 64-Bit Server VM (25.65-b01 mixed mode windows-amd64 compressed oops)
# Failed to write core dump. Minidumps are not enabled by default on client versions of Windows
#

---------------  T H R E A D  ---------------

Current thread (0x000000001dcab000):  JavaThread "C1 CompilerThread3" daemon [_thread_in_vm, id=21292, stack(0x000000001e570000,0x000000001e670000)]

Stack: [0x000000001e570000,0x000000001e670000]
[error occurred during error reporting (printing stack bounds), id 0xc0000005]

Native frames: (J=compiled Java code, j=interpreted, Vv=VM code, C=native code)


Current CompileTask:
C1:   2498 1477       3       com.android.dx.cf.code.Ropper::addSetupBlocks (535 bytes)


---------------  P R O C E S S  ---------------

Java Threads: ( => current thread )
  0x000000001df92000 JavaThread "pool-2-thread-4" [_thread_in_Java, id=13724, stack(0x000000001ec70000,0x000000001ed70000)]
  0x000000001df8d000 JavaThread "pool-2-thread-3" [_thread_blocked, id=23340, stack(0x000000001eb70000,0x000000001ec70000)]
  0x000000001df8a000 JavaThread "pool-2-thread-2" [_thread_in_Java, id=22124, stack(0x000000001ea70000,0x000000001eb70000)]
  0x000000001df7c800 JavaThread "pool-3-thread-1" [_thread_blocked, id=9896, stack(0x000000001e970000,0x000000001ea70000)]
  0x000000001df5a000 JavaThread "pool-2-thread-1" [_thread_in_Java, id=19132, stack(0x000000001e870000,0x000000001e970000)]
  0x000000001dd40000 JavaThread "Service Thread" daemon [_thread_blocked, id=6228, stack(0x000000001e670000,0x000000001e770000)]
=>0x000000001dcab000 JavaThread "C1 CompilerThread3" daemon [_thread_in_vm, id=21292, stack(0x000000001e570000,0x000000001e670000)]
  0x000000001dca7800 JavaThread "C2 CompilerThread2" daemon [_thread_in_native, id=11172, stack(0x000000001e470000,0x000000001e570000)]
  0x000000001dc9f000 JavaThread "C2 CompilerThread1" daemon [_thread_in_native, id=25224, stack(0x000000001e370000,0x000000001e470000)]
  0x000000001dc98800 JavaThread "C2 CompilerThread0" daemon [_thread_in_native, id=17932, stack(0x000000001e270000,0x000000001e370000)]
  0x000000001dc96000 JavaThread "Attach Listener" daemon [_thread_blocked, id=11728, stack(0x000000001e170000,0x000000001e270000)]
  0x000000001dc95800 JavaThread "Signal Dispatcher" daemon [_thread_blocked, id=12548, stack(0x000000001e070000,0x000000001e170000)]
  0x000000000209a000 JavaThread "Finalizer" daemon [_thread_blocked, id=15408, stack(0x000000001da90000,0x000000001db90000)]
  0x0000000002093000 JavaThread "Reference Handler" daemon [_thread_blocked, id=10628, stack(0x000000001d990000,0x000000001da90000)]
  0x0000000001e9e800 JavaThread "main" [_thread_blocked, id=12736, stack(0x0000000001ea0000,0x0000000001fa0000)]

Other Threads:
  0x000000001bbb9800 VMThread [stack: 0x000000001d890000,0x000000001d990000] [id=1512]
  0x000000001dcea000 WatcherThread [stack: 0x000000001e770000,0x000000001e870000] [id=13672]

VM state:not at safepoint (normal execution)

VM Mutex/Monitor currently owned by a thread:  ([mutex/lock_event])
[0x0000000001e9cb70] CodeCache_lock - owner thread: 0x000000001dcab000
[0x0000000001fa0d50] Compile_lock - owner thread: 0x000000001dcab000
[0x0000000001fa19d0] MethodCompileQueue_lock - owner thread: 0x000000001dcab000

Heap:
 PSYoungGen      total 57344K, used 20091K [0x000000076ab00000, 0x000000076eb00000, 0x00000007c0000000)
  eden space 49152K, 24% used [0x000000076ab00000,0x000000076b6a2bb0,0x000000076db00000)
  from space 8192K, 99% used [0x000000076db00000,0x000000076e2fc0d8,0x000000076e300000)
  to   space 8192K, 0% used [0x000000076e300000,0x000000076e300000,0x000000076eb00000)
 ParOldGen       total 131072K, used 526K [0x00000006c0000000, 0x00000006c8000000, 0x000000076ab00000)
  object space 131072K, 0% used [0x00000006c0000000,0x00000006c0083a30,0x00000006c8000000)
 Metaspace       used 6018K, capacity 7024K, committed 7296K, reserved 1056768K
  class space    used 595K, capacity 616K, committed 640K, reserved 1048576K

Card table byte_map: [0x0000000011460000,0x0000000011c70000] byte_map_base: 0x000000000de60000

Marking Bits: (ParMarkBitMap*) 0x000000005436a5b0
 Begin Bits: [0x00000000129d0000, 0x00000000169d0000)
 End Bits:   [0x00000000169d0000, 0x000000001a9d0000)

Polling page: 0x0000000001d40000

CodeCache: size=245760Kb used=6163Kb max_used=6163Kb free=239596Kb
 bounds [0x00000000020a0000, 0x00000000026b0000, 0x00000000110a0000]
 total_blobs=1708 nmethods=1438 adapters=182
 compilation: enabled

Compilation events (10 events):
Event: 2.486 Thread 0x000000001dcab000 nmethod 1470 0x0000000002692190 code [0x0000000002692300, 0x0000000002692618]
Event: 2.486 Thread 0x000000001dcab000 1471       3       java.util.concurrent.locks.AbstractQueuedSynchronizer::compareAndSetState (13 bytes)
Event: 2.486 Thread 0x000000001dcab000 nmethod 1471 0x0000000002691e50 code [0x0000000002691fa0, 0x0000000002692110]
Event: 2.487 Thread 0x000000001dcab000 1472       3       java.util.Collections::unmodifiableCollection (9 bytes)
Event: 2.487 Thread 0x000000001dcab000 nmethod 1472 0x0000000002691810 code [0x00000000026919a0, 0x0000000002691ce8]
Event: 2.488 Thread 0x000000001dcab000 1473       3       com.android.dx.rop.type.Type::isReference (15 bytes)
Event: 2.488 Thread 0x000000001dcab000 nmethod 1473 0x0000000002691490 code [0x00000000026915e0, 0x0000000002691790]
Event: 2.489 Thread 0x000000001dcab000 1475       3       com.android.dx.cf.code.Ropper::addReturnBlock (228 bytes)
Event: 2.491 Thread 0x000000001dcab000 nmethod 1475 0x0000000002695290 code [0x00000000026957c0, 0x0000000002699088]
Event: 2.491 Thread 0x000000001dcab000 1477       3       com.android.dx.cf.code.Ropper::addSetupBlocks (535 bytes)

GC Heap History (2 events):
Event: 2.314 GC heap before
{Heap before GC invocations=1 (full 0):
 PSYoungGen      total 57344K, used 49152K [0x000000076ab00000, 0x000000076eb00000, 0x00000007c0000000)
  eden space 49152K, 100% used [0x000000076ab00000,0x000000076db00000,0x000000076db00000)
  from space 8192K, 0% used [0x000000076e300000,0x000000076e300000,0x000000076eb00000)
  to   space 8192K, 0% used [0x000000076db00000,0x000000076db00000,0x000000076e300000)
 ParOldGen       total 131072K, used 0K [0x00000006c0000000, 0x00000006c8000000, 0x000000076ab00000)
  object space 131072K, 0% used [0x00000006c0000000,0x00000006c0000000,0x00000006c8000000)
 Metaspace       used 5975K, capacity 7024K, committed 7296K, reserved 1056768K
  class space    used 595K, capacity 616K, committed 640K, reserved 1048576K
Event: 2.453 GC heap after
Heap after GC invocations=1 (full 0):
 PSYoungGen      total 57344K, used 8176K [0x000000076ab00000, 0x000000076eb00000, 0x00000007c0000000)
  eden space 49152K, 0% used [0x000000076ab00000,0x000000076ab00000,0x000000076db00000)
  from space 8192K, 99% used [0x000000076db00000,0x000000076e2fc0d8,0x000000076e300000)
  to   space 8192K, 0% used [0x000000076e300000,0x000000076e300000,0x000000076eb00000)
 ParOldGen       total 131072K, used 526K [0x00000006c0000000, 0x00000006c8000000, 0x000000076ab00000)
  object space 131072K, 0% used [0x00000006c0000000,0x00000006c0083a30,0x00000006c8000000)
 Metaspace       used 5975K, capacity 7024K, committed 7296K, reserved 1056768K
  class space    used 595K, capacity 616K, committed 640K, reserved 1048576K
}

Deoptimization events (10 events):
Event: 1.130 Thread 0x000000001df8a000 Uncommon trap: reason=bimorphic action=maybe_recompile pc=0x0000000002417734 method=java.util.HashMap.putVal(ILjava/lang/Object;Ljava/lang/Object;ZZ)Ljava/lang/Object; @ 91
Event: 1.156 Thread 0x000000001df8a000 Uncommon trap: reason=bimorphic action=maybe_recompile pc=0x0000000002417734 method=java.util.HashMap.putVal(ILjava/lang/Object;Ljava/lang/Object;ZZ)Ljava/lang/Object; @ 91
Event: 1.227 Thread 0x000000001df8a000 Uncommon trap: reason=unstable_if action=reinterpret pc=0x00000000024a2024 method=com.android.dx.rop.code.RegisterSpec.equals(ILcom/android/dx/rop/type/TypeBearer;Lcom/android/dx/rop/code/LocalItem;)Z @ 42
Event: 1.231 Thread 0x000000001df8d000 Uncommon trap: reason=null_check action=make_not_entrant pc=0x000000000232eff0 method=com.android.dx.rop.type.Type.equals(Ljava/lang/Object;)Z @ 8
Event: 1.494 Thread 0x000000001df92000 Uncommon trap: reason=bimorphic action=maybe_recompile pc=0x0000000002453fb8 method=java.util.HashMap.getNode(ILjava/lang/Object;)Ljava/util/HashMap$Node; @ 126
Event: 1.598 Thread 0x000000001df8a000 Uncommon trap: reason=unstable_if action=reinterpret pc=0x00000000024d3bf0 method=com.android.dx.ssa.SCCP.simulateStmt(Lcom/android/dx/ssa/SsaInsn;)V @ 53
Event: 2.456 Thread 0x000000001df8d000 Uncommon trap: reason=bimorphic action=maybe_recompile pc=0x000000000263ded0 method=com.android.dx.ssa.SCCP.simulatePhi(Lcom/android/dx/ssa/PhiInsn;)V @ 124
Event: 2.456 Thread 0x000000001df8d000 Uncommon trap: reason=bimorphic action=maybe_recompile pc=0x000000000263ded0 method=com.android.dx.ssa.SCCP.simulatePhi(Lcom/android/dx/ssa/PhiInsn;)V @ 124
Event: 2.456 Thread 0x000000001df8d000 Uncommon trap: reason=bimorphic action=maybe_recompile pc=0x000000000263ded0 method=com.android.dx.ssa.SCCP.simulatePhi(Lcom/android/dx/ssa/PhiInsn;)V @ 124
Event: 2.456 Thread 0x000000001df8d000 Uncommon trap: reason=bimorphic action=maybe_recompile pc=0x000000000263ded0 method=com.android.dx.ssa.SCCP.simulatePhi(Lcom/android/dx/ssa/PhiInsn;)V @ 124

Internal exceptions (4 events):
Event: 0.027 Thread 0x0000000001e9e800 Exception <a 'java/lang/NoSuchMethodError': Method sun.misc.Unsafe.defineClass(Ljava/lang/String;[BII)Ljava/lang/Class; name or signature does not match> (0x000000076ab0db68) thrown at [C:\workspace\8-2-build-windows-amd64-cygwin\jdk8u65\4987\hotspot\src\se—ßâú?
Event: 0.027 Thread 0x0000000001e9e800 Exception <a 'java/lang/NoSuchMethodError': Method sun.misc.Unsafe.prefetchRead(Ljava/lang/Object;J)V name or signature does not match> (0x000000076ab0de50) thrown at [C:\workspace\8-2-build-windows-amd64-cygwin\jdk8u65\4987\hotspot\src\share\vm\prims\jni.·iMá:ΩÈ?
Event: 0.804 Thread 0x0000000001e9e800 Implicit null exception at 0x00000000022cfc7b to 0x00000000022d1389
Event: 1.231 Thread 0x000000001df8d000 Implicit null exception at 0x000000000232eee2 to 0x000000000232efe2

Events (10 events):
Event: 2.456 Thread 0x000000001df8d000 DEOPT UNPACKING pc=0x00000000020e582a sp=0x000000001ec6e678 mode 2
Event: 2.456 Thread 0x000000001df8d000 Uncommon trap: trap_request=0xffffffc6 fr.pc=0x000000000263ded0
Event: 2.456 Thread 0x000000001df8d000 DEOPT PACKING pc=0x000000000263ded0 sp=0x000000001ec6e6a0
Event: 2.456 Thread 0x000000001df8d000 DEOPT UNPACKING pc=0x00000000020e582a sp=0x000000001ec6e678 mode 2
Event: 2.456 Thread 0x000000001df8d000 Uncommon trap: trap_request=0xffffffc6 fr.pc=0x000000000263ded0
Event: 2.456 Thread 0x000000001df8d000 DEOPT PACKING pc=0x000000000263ded0 sp=0x000000001ec6e740
Event: 2.456 Thread 0x000000001df8d000 DEOPT UNPACKING pc=0x00000000020e582a sp=0x000000001ec6e718 mode 2
Event: 2.456 Thread 0x000000001df8d000 Uncommon trap: trap_request=0xffffffc6 fr.pc=0x000000000263ded0
Event: 2.456 Thread 0x000000001df8d000 DEOPT PACKING pc=0x000000000263ded0 sp=0x000000001ec6e740
Event: 2.456 Thread 0x000000001df8d000 DEOPT UNPACKING pc=0x00000000020e582a sp=0x000000001ec6e718 mode 2


Dynamic libraries:
0x00007ff7a3b40000 - 0x00007ff7a3b77000 	C:\Program Files\Java\jdk1.8.0_65\bin\java.exe
0x00007fff52c20000 - 0x00007fff52dcd000 	C:\WINDOWS\SYSTEM32\ntdll.dll
0x00007fff52ad0000 - 0x00007fff52c0e000 	C:\WINDOWS\system32\KERNEL32.DLL
0x00007fff4fe20000 - 0x00007fff4ff35000 	C:\WINDOWS\system32\KERNELBASE.dll
0x00007fff4e500000 - 0x00007fff4e58e000 	C:\WINDOWS\system32\apphelp.dll
0x00007fff39860000 - 0x00007fff398b3000 	C:\WINDOWS\AppPatch\AppPatch64\AcGenral.DLL
0x00007fff509c0000 - 0x00007fff50a6a000 	C:\WINDOWS\system32\msvcrt.dll
0x00007fff501d0000 - 0x00007fff501fe000 	C:\WINDOWS\system32\SspiCli.dll
0x00007fff502b0000 - 0x00007fff50304000 	C:\WINDOWS\system32\SHLWAPI.dll
0x00007fff50c70000 - 0x00007fff50de7000 	C:\WINDOWS\system32\USER32.dll
0x00007fff513d0000 - 0x00007fff51564000 	C:\WINDOWS\system32\ole32.dll
0x00007fff51570000 - 0x00007fff52a9a000 	C:\WINDOWS\system32\SHELL32.dll
0x00007fff4f320000 - 0x00007fff4f341000 	C:\WINDOWS\SYSTEM32\USERENV.dll
0x00007fff50df0000 - 0x00007fff50e9a000 	C:\WINDOWS\system32\ADVAPI32.dll
0x00007fff47c00000 - 0x00007fff47c1e000 	C:\WINDOWS\SYSTEM32\MPR.dll
0x00007fff50690000 - 0x00007fff507d0000 	C:\WINDOWS\system32\RPCRT4.dll
0x00007fff50ea0000 - 0x00007fff50ef9000 	C:\WINDOWS\SYSTEM32\sechost.dll
0x00007fff50f00000 - 0x00007fff51111000 	C:\WINDOWS\SYSTEM32\combase.dll
0x00007fff503e0000 - 0x00007fff50530000 	C:\WINDOWS\system32\GDI32.dll
0x00007fff4fd50000 - 0x00007fff4fd65000 	C:\WINDOWS\SYSTEM32\profapi.dll
0x00007fff4e160000 - 0x00007fff4e212000 	C:\WINDOWS\SYSTEM32\SHCORE.dll
0x00007fff511e0000 - 0x00007fff51216000 	C:\WINDOWS\system32\IMM32.DLL
0x00007fff50530000 - 0x00007fff50682000 	C:\WINDOWS\system32\MSCTF.dll
0x00007fff4d890000 - 0x00007fff4db0b000 	C:\WINDOWS\WinSxS\amd64_microsoft.windows.common-controls_6595b64144ccf1df_6.0.9600.18006_none_623f33d3ecbe86e8\COMCTL32.dll
0x0000000054770000 - 0x0000000054842000 	C:\Program Files\Java\jdk1.8.0_65\jre\bin\msvcr100.dll
0x0000000053b60000 - 0x00000000543e9000 	C:\Program Files\Java\jdk1.8.0_65\jre\bin\server\jvm.dll
0x00007fff465e0000 - 0x00007fff465e9000 	C:\WINDOWS\SYSTEM32\WSOCK32.dll
0x00007fff4c340000 - 0x00007fff4c362000 	C:\WINDOWS\SYSTEM32\WINMM.dll
0x00007fff4ebe0000 - 0x00007fff4ebea000 	C:\WINDOWS\SYSTEM32\VERSION.dll
0x00007fff52ac0000 - 0x00007fff52ac7000 	C:\WINDOWS\system32\PSAPI.DLL
0x00007fff50310000 - 0x00007fff5036a000 	C:\WINDOWS\system32\WS2_32.dll
0x00007fff4c2b0000 - 0x00007fff4c2da000 	C:\WINDOWS\SYSTEM32\WINMMBASE.dll
0x00007fff50c60000 - 0x00007fff50c69000 	C:\WINDOWS\system32\NSI.dll
0x00007fff50260000 - 0x00007fff502af000 	C:\WINDOWS\SYSTEM32\cfgmgr32.dll
0x00007fff4e760000 - 0x00007fff4e788000 	C:\WINDOWS\SYSTEM32\DEVOBJ.dll
0x0000000054760000 - 0x000000005476f000 	C:\Program Files\Java\jdk1.8.0_65\jre\bin\verify.dll
0x0000000054730000 - 0x0000000054759000 	C:\Program Files\Java\jdk1.8.0_65\jre\bin\java.dll
0x0000000054710000 - 0x0000000054726000 	C:\Program Files\Java\jdk1.8.0_65\jre\bin\zip.dll

VM Arguments:
jvm_args: -Djava.awt.headless=true -Xmx4g -Dfile.encoding=windows-1252 -Duser.country=US -Duser.language=en -Duser.variant 
java_command: com.android.dx.command.Main --dex --force-jumbo --num-threads=4 --multi-dex --output E:\android mhm\MHM\app\build\intermediates\transforms\dex\debug\folders\1000\10\com.android.support-design-24.0.0-alpha1_cc0311f73c22e94a08f23d836127df584dac16fb E:\android mhm\MHM\app\build\intermediates\exploded-aar\com.android.support\design\24.0.0-alpha1\jars\classes.jar
java_class_path (initial): F:\Development\Android\sdk\build-tools\23.0.0\lib\dx.jar
Launcher Type: SUN_STANDARD

Environment Variables:
JAVA_HOME=C:\Program Files\Java\jdk1.7.0_51
PATH=C:\Program Files (x86)\iis express\PHP\v5.5;C:\Program Files (x86)\iis express\PHP\v5.5;C:\Program Files\PHP\v5.3;C:\Program Files\PHP\v7.0;C:\Program Files (x86)\iis express\PHP\v5.4;C:\ProgramData\Oracle\Java\javapath;C:\Program Files (x86)\iis express\PHP\v5.4;C:\WINDOWS\system32;C:\WINDOWS;C:\WINDOWS\System32\Wbem;C:\WINDOWS\System32\WindowsPowerShell\v1.0\;C:\WINDOWS\idmu\common;C:\Program Files\Microsoft\Web Platform Installer\;C:\Program Files (x86)\Microsoft ASP.NET\ASP.NET Web Pages\v1.0\;C:\Program Files\Microsoft SQL Server\110\Tools\Binn\;C:\Program Files (x86)\Microsoft SQL Server\110\Tools\Binn\ManagementStudio\;C:\Program Files (x86)\Microsoft SQL Server\110\Tools\Binn\;C:\Program Files (x86)\Microsoft SQL Server\110\DTS\Binn\;C:\Program Files (x86)\Dell\SysMgt\shared\bin;C:\Program Files (x86)\QuickTime\QTSystem\;F:\Bin\x86\;C:\Program Files (x86)\Nmap;C:\Program Files\MySQL\MySQL Server 5.1\bin;C:\Program Files (x86)\Windows Kits\8.1\Windows Performance Toolkit\;C:\Program Files\Microsoft SQL;C:\RailsInstaller\Git\cmd;C:\RailsInstaller\Ruby2.1.0\bin;C:\Program Files (x86)\Nmap;C:\phantomjs-2.0.0-windows\bin;C:\Users\zarko.runjevac\AppData\Roaming\npm;C:\Program Files (x86)\Microsoft VS Code\bin;C:\Program Files\nodejs;C:\Program Files\Java\jdk1.8.0_65\bin;C:\Program Files (x86)\Common Files\Acronis\TibMounter64
USERNAME=zarko.runjevac
OS=Windows_NT
PROCESSOR_IDENTIFIER=Intel64 Family 6 Model 60 Stepping 3, GenuineIntel



---------------  S Y S T E M  ---------------

OS: Windows 8.1 , 64 bit Build 9600 (6.3.9600.17415)

CPU:total 8 (4 cores per cpu, 2 threads per core) family 6 model 60 stepping 3, cmov, cx8, fxsr, mmx, sse, sse2, sse3, ssse3, sse4.1, sse4.2, popcnt, avx, avx2, aes, clmul, erms, rtm, lzcnt, ht, tsc, tscinvbit, bmi1, bmi2

Memory: 4k page, physical 12532956k(718056k free), swap 15678684k(5116k free)

vm_info: Java HotSpot(TM) 64-Bit Server VM (25.65-b01) for windows-amd64 JRE (1.8.0_65-b17), built on Oct  6 2015 16:39:20 by "java_re" with MS VC++ 10.0 (VS2010)

time: Wed Jun 08 09:58:47 2016
elapsed time: 2 seconds (0d 0h 0m 2s)

