#
# There is insufficient memory for the Java Runtime Environment to continue.
# Native memory allocation (malloc) failed to allocate 316656 bytes for Chunk::new
# Possible reasons:
#   The system is out of physical RAM or swap space
#   In 32 bit mode, the process size limit was hit
# Possible solutions:
#   Reduce memory load on the system
#   Increase physical memory or swap space
#   Check if swap backing store is full
#   Use 64 bit Java on a 64 bit OS
#   Decrease Java heap size (-Xmx/-Xms)
#   Decrease number of Java threads
#   Decrease Java thread stack sizes (-Xss)
#   Set larger code cache with -XX:ReservedCodeCacheSize=
# This output file may be truncated or incomplete.
#
#  Out of Memory Error (allocation.cpp:390), pid=10068, tid=17088
#
# JRE version: Java(TM) SE Runtime Environment (8.0_65-b17) (build 1.8.0_65-b17)
# Java VM: Java HotSpot(TM) 64-Bit Server VM (25.65-b01 mixed mode windows-amd64 compressed oops)
# Failed to write core dump. Minidumps are not enabled by default on client versions of Windows
#

---------------  T H R E A D  ---------------

Current thread (0x000000001e795000):  JavaThread "C2 CompilerThread2" daemon [_thread_in_native, id=17088, stack(0x000000001ef60000,0x000000001f060000)]

Stack: [0x000000001ef60000,0x000000001f060000]
[error occurred during error reporting (printing stack bounds), id 0xc0000005]

Native frames: (J=compiled Java code, j=interpreted, Vv=VM code, C=native code)


Current CompileTask:
C2:   2498 1546   !   4       com.android.dx.cf.code.BytecodeArray::parseInstruction (2764 bytes)


---------------  P R O C E S S  ---------------

Java Threads: ( => current thread )
  0x000000001ea8b800 JavaThread "pool-2-thread-4" [_thread_blocked, id=21828, stack(0x000000001f760000,0x000000001f860000)]
  0x000000001ea86800 JavaThread "pool-2-thread-3" [_thread_blocked, id=14516, stack(0x000000001f660000,0x000000001f760000)]
  0x000000001ea6f800 JavaThread "pool-2-thread-2" [_thread_blocked, id=26360, stack(0x000000001f560000,0x000000001f660000)]
  0x000000001ea5e000 JavaThread "pool-3-thread-1" [_thread_blocked, id=17712, stack(0x000000001f460000,0x000000001f560000)]
  0x000000001ea42800 JavaThread "pool-2-thread-1" [_thread_blocked, id=9580, stack(0x000000001f360000,0x000000001f460000)]
  0x000000001e833800 JavaThread "Service Thread" daemon [_thread_blocked, id=14080, stack(0x000000001f160000,0x000000001f260000)]
  0x000000001e79d800 JavaThread "C1 CompilerThread3" daemon [_thread_blocked, id=1056, stack(0x000000001f060000,0x000000001f160000)]
=>0x000000001e795000 JavaThread "C2 CompilerThread2" daemon [_thread_in_native, id=17088, stack(0x000000001ef60000,0x000000001f060000)]
  0x000000001e78d000 JavaThread "C2 CompilerThread1" daemon [_thread_blocked, id=16644, stack(0x000000001ee60000,0x000000001ef60000)]
  0x000000001e78a000 JavaThread "C2 CompilerThread0" daemon [_thread_blocked, id=7676, stack(0x000000001ed60000,0x000000001ee60000)]
  0x000000001e787000 JavaThread "Attach Listener" daemon [_thread_blocked, id=20184, stack(0x000000001ec60000,0x000000001ed60000)]
  0x000000001e786800 JavaThread "Signal Dispatcher" daemon [_thread_blocked, id=15324, stack(0x000000001eb60000,0x000000001ec60000)]
  0x0000000002c6c000 JavaThread "Finalizer" daemon [_thread_blocked, id=12256, stack(0x000000001e660000,0x000000001e760000)]
  0x000000001c78d000 JavaThread "Reference Handler" daemon [_thread_blocked, id=20616, stack(0x000000001e560000,0x000000001e660000)]
  0x0000000002a6e800 JavaThread "main" [_thread_blocked, id=16860, stack(0x0000000002a70000,0x0000000002b70000)]

Other Threads:
  0x000000001c788800 VMThread [stack: 0x000000001e460000,0x000000001e560000] [id=13100]
  0x000000001e7bd000 WatcherThread [stack: 0x000000001f260000,0x000000001f360000] [id=9092]

VM state:at safepoint (normal execution)

VM Mutex/Monitor currently owned by a thread:  ([mutex/lock_event])
[0x0000000002a6d840] Threads_lock - owner thread: 0x000000001c788800
[0x0000000002a6da40] Heap_lock - owner thread: 0x000000001ea6f800

Heap:
 PSYoungGen      total 57344K, used 57325K [0x000000076ab00000, 0x000000076eb00000, 0x00000007c0000000)
  eden space 49152K, 100% used [0x000000076ab00000,0x000000076db00000,0x000000076db00000)
  from space 8192K, 99% used [0x000000076db00000,0x000000076e2fb7a8,0x000000076e300000)
  to   space 8192K, 99% used [0x000000076e300000,0x000000076eafd2d0,0x000000076eb00000)
 ParOldGen       total 131072K, used 7454K [0x00000006c0000000, 0x00000006c8000000, 0x000000076ab00000)
  object space 131072K, 5% used [0x00000006c0000000,0x00000006c07479e0,0x00000006c8000000)
 Metaspace       used 6106K, capacity 7088K, committed 7296K, reserved 1056768K
  class space    used 595K, capacity 616K, committed 640K, reserved 1048576K

Card table byte_map: [0x0000000012030000,0x0000000012840000] byte_map_base: 0x000000000ea30000

Marking Bits: (ParMarkBitMap*) 0x000000005436a5b0
 Begin Bits: [0x00000000135a0000, 0x00000000175a0000)
 End Bits:   [0x00000000175a0000, 0x000000001b5a0000)

Polling page: 0x00000000011c0000

CodeCache: size=245760Kb used=7421Kb max_used=7421Kb free=238338Kb
 bounds [0x0000000002c70000, 0x00000000033c0000, 0x0000000011c70000]
 total_blobs=1899 nmethods=1630 adapters=182
 compilation: enabled

Compilation events (10 events):
Event: 2.444 Thread 0x000000001e79d800 nmethod 1644 0x00000000033b6390 code [0x00000000033b6500, 0x00000000033b6728]
Event: 2.444 Thread 0x000000001e79d800 1645       3       java.io.FilterInputStream::read (9 bytes)
Event: 2.444 Thread 0x000000001e79d800 nmethod 1645 0x00000000033b67d0 code [0x00000000033b6940, 0x00000000033b6b68]
Event: 2.444 Thread 0x000000001e79d800 1646       3       java.lang.Integer::bitCount (49 bytes)
Event: 2.444 Thread 0x000000001e79d800 nmethod 1646 0x00000000033b6c10 code [0x00000000033b6d60, 0x00000000033b6ed0]
Event: 2.444 Thread 0x000000001e79d800 1647       1       com.android.dx.rop.cst.TypedConstant::getFrameType (2 bytes)
Event: 2.445 Thread 0x000000001e79d800 nmethod 1647 0x00000000033b6f50 code [0x00000000033b70a0, 0x00000000033b71b0]
Event: 2.445 Thread 0x000000001e79d800 1649       1       java.util.zip.ZipEntry::getName (5 bytes)
Event: 2.445 Thread 0x000000001e79d800 nmethod 1649 0x00000000033b7210 code [0x00000000033b7360, 0x00000000033b7470]
Event: 2.446 Thread 0x000000001e79d800 1650       3       com.android.dx.dex.cf.CfTranslator::translate0 (259 bytes)

GC Heap History (3 events):
Event: 1.629 GC heap before
{Heap before GC invocations=1 (full 0):
 PSYoungGen      total 57344K, used 49152K [0x000000076ab00000, 0x000000076eb00000, 0x00000007c0000000)
  eden space 49152K, 100% used [0x000000076ab00000,0x000000076db00000,0x000000076db00000)
  from space 8192K, 0% used [0x000000076e300000,0x000000076e300000,0x000000076eb00000)
  to   space 8192K, 0% used [0x000000076db00000,0x000000076db00000,0x000000076e300000)
 ParOldGen       total 131072K, used 0K [0x00000006c0000000, 0x00000006c8000000, 0x000000076ab00000)
  object space 131072K, 0% used [0x00000006c0000000,0x00000006c0000000,0x00000006c8000000)
 Metaspace       used 6003K, capacity 7024K, committed 7296K, reserved 1056768K
  class space    used 594K, capacity 616K, committed 640K, reserved 1048576K
Event: 1.733 GC heap after
Heap after GC invocations=1 (full 0):
 PSYoungGen      total 57344K, used 8173K [0x000000076ab00000, 0x000000076eb00000, 0x00000007c0000000)
  eden space 49152K, 0% used [0x000000076ab00000,0x000000076ab00000,0x000000076db00000)
  from space 8192K, 99% used [0x000000076db00000,0x000000076e2fb7a8,0x000000076e300000)
  to   space 8192K, 0% used [0x000000076e300000,0x000000076e300000,0x000000076eb00000)
 ParOldGen       total 131072K, used 1356K [0x00000006c0000000, 0x00000006c8000000, 0x000000076ab00000)
  object space 131072K, 1% used [0x00000006c0000000,0x00000006c0153160,0x00000006c8000000)
 Metaspace       used 6003K, capacity 7024K, committed 7296K, reserved 1056768K
  class space    used 594K, capacity 616K, committed 640K, reserved 1048576K
}
Event: 2.447 GC heap before
{Heap before GC invocations=2 (full 0):
 PSYoungGen      total 57344K, used 57325K [0x000000076ab00000, 0x000000076eb00000, 0x00000007c0000000)
  eden space 49152K, 100% used [0x000000076ab00000,0x000000076db00000,0x000000076db00000)
  from space 8192K, 99% used [0x000000076db00000,0x000000076e2fb7a8,0x000000076e300000)
  to   space 8192K, 0% used [0x000000076e300000,0x000000076e300000,0x000000076eb00000)
 ParOldGen       total 131072K, used 1356K [0x00000006c0000000, 0x00000006c8000000, 0x000000076ab00000)
  object space 131072K, 1% used [0x00000006c0000000,0x00000006c0153160,0x00000006c8000000)
 Metaspace       used 6106K, capacity 7088K, committed 7296K, reserved 1056768K
  class space    used 595K, capacity 616K, committed 640K, reserved 1048576K

Deoptimization events (10 events):
Event: 2.000 Thread 0x000000001ea8b800 Uncommon trap: reason=unstable_if action=reinterpret pc=0x0000000003268a0c method=java.util.HashMap.putVal(ILjava/lang/Object;Ljava/lang/Object;ZZ)Ljava/lang/Object; @ 94
Event: 2.192 Thread 0x000000001ea8b800 Uncommon trap: reason=class_check action=maybe_recompile pc=0x00000000032c628c method=com.android.dx.cf.code.RopperMachine.run(Lcom/android/dx/cf/code/Frame;II)V @ 310
Event: 2.230 Thread 0x0000000002a6e800 Uncommon trap: reason=null_check action=make_not_entrant pc=0x0000000002f9254c method=com.android.dx.ssa.SsaRenamer.getLocalForNewReg(I)Lcom/android/dx/rop/code/LocalItem; @ 19
Event: 2.284 Thread 0x000000001ea6f800 Uncommon trap: reason=bimorphic action=maybe_recompile pc=0x000000000330662c method=com.android.dx.cf.code.BytecodeArray.parseInstruction(ILcom/android/dx/cf/code/BytecodeArray$Visitor;)I @ 939
Event: 2.284 Thread 0x000000001ea6f800 Uncommon trap: reason=bimorphic action=maybe_recompile pc=0x000000000330662c method=com.android.dx.cf.code.BytecodeArray.parseInstruction(ILcom/android/dx/cf/code/BytecodeArray$Visitor;)I @ 939
Event: 2.291 Thread 0x000000001ea6f800 Uncommon trap: reason=unstable_if action=reinterpret pc=0x00000000032c59a4 method=com.android.dx.cf.code.RopperMachine.run(Lcom/android/dx/cf/code/Frame;II)V @ 1500
Event: 2.295 Thread 0x000000001ea6f800 Uncommon trap: reason=bimorphic action=maybe_recompile pc=0x000000000330662c method=com.android.dx.cf.code.BytecodeArray.parseInstruction(ILcom/android/dx/cf/code/BytecodeArray$Visitor;)I @ 939
Event: 2.295 Thread 0x000000001ea6f800 Uncommon trap: reason=bimorphic action=maybe_recompile pc=0x000000000330662c method=com.android.dx.cf.code.BytecodeArray.parseInstruction(ILcom/android/dx/cf/code/BytecodeArray$Visitor;)I @ 939
Event: 2.328 Thread 0x000000001ea6f800 Uncommon trap: reason=unstable_if action=reinterpret pc=0x000000000331da14 method=com.android.dx.rop.code.LocalVariableInfo.mergeStarts(ILcom/android/dx/rop/code/RegisterSpecSet;)Z @ 31
Event: 2.397 Thread 0x000000001ea8b800 Uncommon trap: reason=unstable_if action=reinterpret pc=0x0000000003250598 method=com.android.dx.ssa.LocalVariableExtractor.processBlock(I)V @ 251

Internal exceptions (4 events):
Event: 0.028 Thread 0x0000000002a6e800 Exception <a 'java/lang/NoSuchMethodError': Method sun.misc.Unsafe.defineClass(Ljava/lang/String;[BII)Ljava/lang/Class; name or signature does not match> (0x000000076ab0db80) thrown at [C:\workspace\8-2-build-windows-amd64-cygwin\jdk8u65\4987\hotspot\src\sö«r}ßú?
Event: 0.028 Thread 0x0000000002a6e800 Exception <a 'java/lang/NoSuchMethodError': Method sun.misc.Unsafe.prefetchRead(Ljava/lang/Object;J)V name or signature does not match> (0x000000076ab0de68) thrown at [C:\workspace\8-2-build-windows-amd64-cygwin\jdk8u65\4987\hotspot\src\share\vm\prims\jni.å‚s…’øÈ?
Event: 0.805 Thread 0x000000001ea42800 Implicit null exception at 0x0000000002fa32e2 to 0x0000000002fa3f99
Event: 2.230 Thread 0x0000000002a6e800 Implicit null exception at 0x0000000002f91acd to 0x0000000002f92529

Events (10 events):
Event: 2.295 Thread 0x000000001ea6f800 Uncommon trap: trap_request=0xffffffc6 fr.pc=0x000000000330662c
Event: 2.295 Thread 0x000000001ea6f800 DEOPT PACKING pc=0x000000000330662c sp=0x000000001f65e650
Event: 2.295 Thread 0x000000001ea6f800 DEOPT UNPACKING pc=0x0000000002cb582a sp=0x000000001f65e5f8 mode 2
Event: 2.328 Thread 0x000000001ea6f800 Uncommon trap: trap_request=0xffffff65 fr.pc=0x000000000331da14
Event: 2.328 Thread 0x000000001ea6f800 DEOPT PACKING pc=0x000000000331da14 sp=0x000000001f65eb70
Event: 2.329 Thread 0x000000001ea6f800 DEOPT UNPACKING pc=0x0000000002cb582a sp=0x000000001f65eae0 mode 2
Event: 2.397 Thread 0x000000001ea8b800 Uncommon trap: trap_request=0xffffff65 fr.pc=0x0000000003250598
Event: 2.397 Thread 0x000000001ea8b800 DEOPT PACKING pc=0x0000000003250598 sp=0x000000001f85e700
Event: 2.397 Thread 0x000000001ea8b800 DEOPT UNPACKING pc=0x0000000002cb582a sp=0x000000001f85e6e0 mode 2
Event: 2.447 Executing VM operation: ParallelGCFailedAllocation


Dynamic libraries:
0x00007ff7a3b40000 - 0x00007ff7a3b77000 	C:\Program Files\Java\jdk1.8.0_65\bin\java.exe
0x00007fff52c20000 - 0x00007fff52dcd000 	C:\WINDOWS\SYSTEM32\ntdll.dll
0x00007fff52ad0000 - 0x00007fff52c0e000 	C:\WINDOWS\system32\KERNEL32.DLL
0x00007fff4fe20000 - 0x00007fff4ff35000 	C:\WINDOWS\system32\KERNELBASE.dll
0x00007fff4e500000 - 0x00007fff4e58e000 	C:\WINDOWS\system32\apphelp.dll
0x00007fff39860000 - 0x00007fff398b3000 	C:\WINDOWS\AppPatch\AppPatch64\AcGenral.DLL
0x00007fff509c0000 - 0x00007fff50a6a000 	C:\WINDOWS\system32\msvcrt.dll
0x00007fff501d0000 - 0x00007fff501fe000 	C:\WINDOWS\system32\SspiCli.dll
0x00007fff502b0000 - 0x00007fff50304000 	C:\WINDOWS\system32\SHLWAPI.dll
0x00007fff50c70000 - 0x00007fff50de7000 	C:\WINDOWS\system32\USER32.dll
0x00007fff513d0000 - 0x00007fff51564000 	C:\WINDOWS\system32\ole32.dll
0x00007fff51570000 - 0x00007fff52a9a000 	C:\WINDOWS\system32\SHELL32.dll
0x00007fff4f320000 - 0x00007fff4f341000 	C:\WINDOWS\SYSTEM32\USERENV.dll
0x00007fff50df0000 - 0x00007fff50e9a000 	C:\WINDOWS\system32\ADVAPI32.dll
0x00007fff47c00000 - 0x00007fff47c1e000 	C:\WINDOWS\SYSTEM32\MPR.dll
0x00007fff50690000 - 0x00007fff507d0000 	C:\WINDOWS\system32\RPCRT4.dll
0x00007fff50ea0000 - 0x00007fff50ef9000 	C:\WINDOWS\SYSTEM32\sechost.dll
0x00007fff50f00000 - 0x00007fff51111000 	C:\WINDOWS\SYSTEM32\combase.dll
0x00007fff503e0000 - 0x00007fff50530000 	C:\WINDOWS\system32\GDI32.dll
0x00007fff4fd50000 - 0x00007fff4fd65000 	C:\WINDOWS\SYSTEM32\profapi.dll
0x00007fff4e160000 - 0x00007fff4e212000 	C:\WINDOWS\SYSTEM32\SHCORE.dll
0x00007fff511e0000 - 0x00007fff51216000 	C:\WINDOWS\system32\IMM32.DLL
0x00007fff50530000 - 0x00007fff50682000 	C:\WINDOWS\system32\MSCTF.dll
0x00007fff4d890000 - 0x00007fff4db0b000 	C:\WINDOWS\WinSxS\amd64_microsoft.windows.common-controls_6595b64144ccf1df_6.0.9600.18006_none_623f33d3ecbe86e8\COMCTL32.dll
0x0000000054770000 - 0x0000000054842000 	C:\Program Files\Java\jdk1.8.0_65\jre\bin\msvcr100.dll
0x0000000053b60000 - 0x00000000543e9000 	C:\Program Files\Java\jdk1.8.0_65\jre\bin\server\jvm.dll
0x00007fff465e0000 - 0x00007fff465e9000 	C:\WINDOWS\SYSTEM32\WSOCK32.dll
0x00007fff4c340000 - 0x00007fff4c362000 	C:\WINDOWS\SYSTEM32\WINMM.dll
0x00007fff4ebe0000 - 0x00007fff4ebea000 	C:\WINDOWS\SYSTEM32\VERSION.dll
0x00007fff52ac0000 - 0x00007fff52ac7000 	C:\WINDOWS\system32\PSAPI.DLL
0x00007fff50310000 - 0x00007fff5036a000 	C:\WINDOWS\system32\WS2_32.dll
0x00007fff4c2b0000 - 0x00007fff4c2da000 	C:\WINDOWS\SYSTEM32\WINMMBASE.dll
0x00007fff50c60000 - 0x00007fff50c69000 	C:\WINDOWS\system32\NSI.dll
0x00007fff50260000 - 0x00007fff502af000 	C:\WINDOWS\SYSTEM32\cfgmgr32.dll
0x00007fff4e760000 - 0x00007fff4e788000 	C:\WINDOWS\SYSTEM32\DEVOBJ.dll
0x0000000054760000 - 0x000000005476f000 	C:\Program Files\Java\jdk1.8.0_65\jre\bin\verify.dll
0x0000000054730000 - 0x0000000054759000 	C:\Program Files\Java\jdk1.8.0_65\jre\bin\java.dll
0x0000000054710000 - 0x0000000054726000 	C:\Program Files\Java\jdk1.8.0_65\jre\bin\zip.dll

VM Arguments:
jvm_args: -Djava.awt.headless=true -Xmx4g -Dfile.encoding=windows-1252 -Duser.country=US -Duser.language=en -Duser.variant 
java_command: com.android.dx.command.Main --dex --force-jumbo --num-threads=4 --multi-dex --output E:\android mhm\MHM\app\build\intermediates\transforms\dex\debug\folders\1000\10\com.android.support-appcompat-v7-24.0.0-alpha1_b28d5a6e1dc7d92b6371731dc06320e805d127d4 E:\android mhm\MHM\app\build\intermediates\exploded-aar\com.android.support\appcompat-v7\24.0.0-alpha1\jars\classes.jar
java_class_path (initial): F:\Development\Android\sdk\build-tools\23.0.0\lib\dx.jar
Launcher Type: SUN_STANDARD

Environment Variables:
JAVA_HOME=C:\Program Files\Java\jdk1.7.0_51
PATH=C:\Program Files (x86)\iis express\PHP\v5.5;C:\Program Files (x86)\iis express\PHP\v5.5;C:\Program Files\PHP\v5.3;C:\Program Files\PHP\v7.0;C:\Program Files (x86)\iis express\PHP\v5.4;C:\ProgramData\Oracle\Java\javapath;C:\Program Files (x86)\iis express\PHP\v5.4;C:\WINDOWS\system32;C:\WINDOWS;C:\WINDOWS\System32\Wbem;C:\WINDOWS\System32\WindowsPowerShell\v1.0\;C:\WINDOWS\idmu\common;C:\Program Files\Microsoft\Web Platform Installer\;C:\Program Files (x86)\Microsoft ASP.NET\ASP.NET Web Pages\v1.0\;C:\Program Files\Microsoft SQL Server\110\Tools\Binn\;C:\Program Files (x86)\Microsoft SQL Server\110\Tools\Binn\ManagementStudio\;C:\Program Files (x86)\Microsoft SQL Server\110\Tools\Binn\;C:\Program Files (x86)\Microsoft SQL Server\110\DTS\Binn\;C:\Program Files (x86)\Dell\SysMgt\shared\bin;C:\Program Files (x86)\QuickTime\QTSystem\;F:\Bin\x86\;C:\Program Files (x86)\Nmap;C:\Program Files\MySQL\MySQL Server 5.1\bin;C:\Program Files (x86)\Windows Kits\8.1\Windows Performance Toolkit\;C:\Program Files\Microsoft SQL;C:\RailsInstaller\Git\cmd;C:\RailsInstaller\Ruby2.1.0\bin;C:\Program Files (x86)\Nmap;C:\phantomjs-2.0.0-windows\bin;C:\Users\zarko.runjevac\AppData\Roaming\npm;C:\Program Files (x86)\Microsoft VS Code\bin;C:\Program Files\nodejs;C:\Program Files\Java\jdk1.8.0_65\bin;C:\Program Files (x86)\Common Files\Acronis\TibMounter64
USERNAME=zarko.runjevac
OS=Windows_NT
PROCESSOR_IDENTIFIER=Intel64 Family 6 Model 60 Stepping 3, GenuineIntel



---------------  S Y S T E M  ---------------

OS: Windows 8.1 , 64 bit Build 9600 (6.3.9600.17415)

CPU:total 8 (4 cores per cpu, 2 threads per core) family 6 model 60 stepping 3, cmov, cx8, fxsr, mmx, sse, sse2, sse3, ssse3, sse4.1, sse4.2, popcnt, avx, avx2, aes, clmul, erms, rtm, lzcnt, ht, tsc, tscinvbit, bmi1, bmi2

Memory: 4k page, physical 12532956k(718056k free), swap 15678684k(5116k free)

vm_info: Java HotSpot(TM) 64-Bit Server VM (25.65-b01) for windows-amd64 JRE (1.8.0_65-b17), built on Oct  6 2015 16:39:20 by "java_re" with MS VC++ 10.0 (VS2010)

time: Wed Jun 08 09:58:47 2016
elapsed time: 2 seconds (0d 0h 0m 2s)

