#
# There is insufficient memory for the Java Runtime Environment to continue.
# Native memory allocation (malloc) failed to allocate 165776 bytes for Chunk::new
# Possible reasons:
#   The system is out of physical RAM or swap space
#   In 32 bit mode, the process size limit was hit
# Possible solutions:
#   Reduce memory load on the system
#   Increase physical memory or swap space
#   Check if swap backing store is full
#   Use 64 bit Java on a 64 bit OS
#   Decrease Java heap size (-Xmx/-Xms)
#   Decrease number of Java threads
#   Decrease Java thread stack sizes (-Xss)
#   Set larger code cache with -XX:ReservedCodeCacheSize=
# This output file may be truncated or incomplete.
#
#  Out of Memory Error (allocation.cpp:390), pid=17892, tid=21864
#
# JRE version: Java(TM) SE Runtime Environment (8.0_65-b17) (build 1.8.0_65-b17)
# Java VM: Java HotSpot(TM) 64-Bit Server VM (25.65-b01 mixed mode windows-amd64 compressed oops)
# Failed to write core dump. Minidumps are not enabled by default on client versions of Windows
#

---------------  T H R E A D  ---------------

Current thread (0x000000001e8ca800):  JavaThread "C2 CompilerThread0" daemon [_thread_in_native, id=21864, stack(0x000000001eea0000,0x000000001efa0000)]

Stack: [0x000000001eea0000,0x000000001efa0000]
[error occurred during error reporting (printing stack bounds), id 0xc0000005]

Native frames: (J=compiled Java code, j=interpreted, Vv=VM code, C=native code)


Current CompileTask:
C2:    961 1064       4       com.android.dx.ssa.SsaMethod::deleteInsns (239 bytes)


---------------  P R O C E S S  ---------------

Java Threads: ( => current thread )
  0x000000001ead3000 JavaThread "pool-2-thread-4" [_thread_blocked, id=20944, stack(0x000000001f8a0000,0x000000001f9a0000)]
  0x000000001eacd000 JavaThread "pool-2-thread-3" [_thread_blocked, id=14268, stack(0x000000001f7a0000,0x000000001f8a0000)]
  0x000000001eac3000 JavaThread "pool-2-thread-2" [_thread_in_Java, id=18684, stack(0x000000001f6a0000,0x000000001f7a0000)]
  0x000000001eabe800 JavaThread "pool-3-thread-1" [_thread_blocked, id=13036, stack(0x000000001f5a0000,0x000000001f6a0000)]
  0x000000001eabd800 JavaThread "pool-2-thread-1" [_thread_in_Java, id=22028, stack(0x000000001f4a0000,0x000000001f5a0000)]
  0x000000001e94a000 JavaThread "Service Thread" daemon [_thread_blocked, id=22140, stack(0x000000001f2a0000,0x000000001f3a0000)]
  0x000000001e902000 JavaThread "C1 CompilerThread3" daemon [_thread_in_native, id=22416, stack(0x000000001f1a0000,0x000000001f2a0000)]
  0x000000001e8d5000 JavaThread "C2 CompilerThread2" daemon [_thread_in_native, id=20972, stack(0x000000001f0a0000,0x000000001f1a0000)]
  0x000000001e8ce000 JavaThread "C2 CompilerThread1" daemon [_thread_in_native, id=8004, stack(0x000000001efa0000,0x000000001f0a0000)]
=>0x000000001e8ca800 JavaThread "C2 CompilerThread0" daemon [_thread_in_native, id=21864, stack(0x000000001eea0000,0x000000001efa0000)]
  0x000000001e8c8000 JavaThread "Attach Listener" daemon [_thread_blocked, id=11080, stack(0x000000001eda0000,0x000000001eea0000)]
  0x000000001e8c7800 JavaThread "Signal Dispatcher" daemon [_thread_blocked, id=19412, stack(0x000000001eca0000,0x000000001eda0000)]
  0x0000000002caa000 JavaThread "Finalizer" daemon [_thread_blocked, id=21060, stack(0x000000001e6c0000,0x000000001e7c0000)]
  0x0000000002ca3000 JavaThread "Reference Handler" daemon [_thread_blocked, id=20936, stack(0x000000001e5c0000,0x000000001e6c0000)]
  0x0000000002bae800 JavaThread "main" [_thread_in_Java, id=14280, stack(0x00000000029e0000,0x0000000002ae0000)]

Other Threads:
  0x000000001c7c9800 VMThread [stack: 0x000000001e4c0000,0x000000001e5c0000] [id=21260]
  0x000000001e94d000 WatcherThread [stack: 0x000000001f3a0000,0x000000001f4a0000] [id=19664]

VM state:not at safepoint (normal execution)

VM Mutex/Monitor currently owned by a thread: None

Heap:
 PSYoungGen      total 57344K, used 34429K [0x000000076ab00000, 0x000000076eb00000, 0x00000007c0000000)
  eden space 49152K, 70% used [0x000000076ab00000,0x000000076cc9f4d0,0x000000076db00000)
  from space 8192K, 0% used [0x000000076e300000,0x000000076e300000,0x000000076eb00000)
  to   space 8192K, 0% used [0x000000076db00000,0x000000076db00000,0x000000076e300000)
 ParOldGen       total 131072K, used 0K [0x00000006c0000000, 0x00000006c8000000, 0x000000076ab00000)
  object space 131072K, 0% used [0x00000006c0000000,0x00000006c0000000,0x00000006c8000000)
 Metaspace       used 5805K, capacity 6832K, committed 7040K, reserved 1056768K
  class space    used 589K, capacity 616K, committed 640K, reserved 1048576K

Card table byte_map: [0x0000000012070000,0x0000000012880000] byte_map_base: 0x000000000ea70000

Marking Bits: (ParMarkBitMap*) 0x000000005261a5b0
 Begin Bits: [0x00000000135e0000, 0x00000000175e0000)
 End Bits:   [0x00000000175e0000, 0x000000001b5e0000)

Polling page: 0x0000000001180000

CodeCache: size=245760Kb used=4144Kb max_used=4144Kb free=241615Kb
 bounds [0x0000000002cb0000, 0x00000000030d0000, 0x0000000011cb0000]
 total_blobs=1316 nmethods=1047 adapters=182
 compilation: enabled

Compilation events (10 events):
Event: 0.957 Thread 0x000000001e8ce000 nmethod 1074 0x00000000030adc10 code [0x00000000030add40, 0x00000000030addb8]
Event: 0.957 Thread 0x000000001e8ce000 1004       4       com.android.dx.rop.code.LocalItem::equals (29 bytes)
Event: 0.958 Thread 0x000000001e902000 nmethod 1048 0x00000000030b9690 code [0x00000000030b98e0, 0x00000000030ba658]
Event: 0.958 Thread 0x000000001e902000 1032       3       com.android.dx.ssa.back.FirstFitLocalCombiningAllocator::canMapRegs (60 bytes)
Event: 0.959 Thread 0x000000001e902000 nmethod 1032 0x00000000030bae10 code [0x00000000030bb080, 0x00000000030bc088]
Event: 0.959 Thread 0x000000001e902000 1040       3       com.android.dx.cf.code.ByteCatchList::listFor (120 bytes)
Event: 0.959 Thread 0x000000001e8ce000 nmethod 1004 0x00000000030b5550 code [0x00000000030b56a0, 0x00000000030b5a78]
Event: 0.959 Thread 0x000000001e8ce000 1066       4       com.android.dx.dex.code.CodeAddress::<init> (7 bytes)
Event: 0.960 Thread 0x000000001e8ce000 nmethod 1066 0x00000000030bc950 code [0x00000000030bcaa0, 0x00000000030bcb58]
Event: 0.960 Thread 0x000000001e8ce000 1081   !   4       com.android.dx.cf.code.BytecodeArray::parseInstruction (2764 bytes)

GC Heap History (0 events):
No events

Deoptimization events (10 events):
Event: 0.551 Thread 0x0000000002bae800 Uncommon trap: reason=class_check action=maybe_recompile pc=0x0000000002ee19b0 method=com.android.dx.ssa.NormalSsaInsn.accept(Lcom/android/dx/ssa/SsaInsn$Visitor;)V @ 9
Event: 0.551 Thread 0x0000000002bae800 Uncommon trap: reason=class_check action=maybe_recompile pc=0x0000000002ee19b0 method=com.android.dx.ssa.NormalSsaInsn.accept(Lcom/android/dx/ssa/SsaInsn$Visitor;)V @ 9
Event: 0.685 Thread 0x000000001eabd800 Uncommon trap: reason=class_check action=maybe_recompile pc=0x0000000002f7f378 method=com.android.dx.ssa.NormalSsaInsn.accept(Lcom/android/dx/ssa/SsaInsn$Visitor;)V @ 9
Event: 0.786 Thread 0x000000001eacd000 Uncommon trap: reason=unstable_if action=reinterpret pc=0x0000000002edfbf8 method=java.util.BitSet.ensureCapacity(I)V @ 6
Event: 0.822 Thread 0x000000001eac3000 Uncommon trap: reason=null_check action=make_not_entrant pc=0x0000000002f726fc method=com.android.dx.ssa.SsaRenamer.getLocalForNewReg(I)Lcom/android/dx/rop/code/LocalItem; @ 19
Event: 0.850 Thread 0x000000001eacd000 Uncommon trap: reason=bimorphic action=maybe_recompile pc=0x0000000002f09754 method=java.util.HashMap.getNode(ILjava/lang/Object;)Ljava/util/HashMap$Node; @ 126
Event: 0.850 Thread 0x000000001eacd000 Uncommon trap: reason=bimorphic action=maybe_recompile pc=0x0000000002f09754 method=java.util.HashMap.getNode(ILjava/lang/Object;)Ljava/util/HashMap$Node; @ 126
Event: 0.859 Thread 0x000000001eacd000 Uncommon trap: reason=bimorphic action=maybe_recompile pc=0x0000000002f09754 method=java.util.HashMap.getNode(ILjava/lang/Object;)Ljava/util/HashMap$Node; @ 126
Event: 0.859 Thread 0x000000001eacd000 Uncommon trap: reason=bimorphic action=maybe_recompile pc=0x0000000002f09754 method=java.util.HashMap.getNode(ILjava/lang/Object;)Ljava/util/HashMap$Node; @ 126
Event: 0.859 Thread 0x000000001eacd000 Uncommon trap: reason=bimorphic action=maybe_recompile pc=0x0000000002ea7c60 method=java.util.HashMap.getNode(ILjava/lang/Object;)Ljava/util/HashMap$Node; @ 126

Internal exceptions (3 events):
Event: 0.077 Thread 0x0000000002bae800 Exception <a 'java/lang/NoSuchMethodError': Method sun.misc.Unsafe.defineClass(Ljava/lang/String;[BII)Ljava/lang/Class; name or signature does not match> (0x000000076ab0db68) thrown at [C:\workspace\8-2-build-windows-amd64-cygwin\jdk8u65\4987\hotspot\src\söG—êÌÀ≥?
Event: 0.077 Thread 0x0000000002bae800 Exception <a 'java/lang/NoSuchMethodError': Method sun.misc.Unsafe.prefetchRead(Ljava/lang/Object;J)V name or signature does not match> (0x000000076ab0de50) thrown at [C:\workspace\8-2-build-windows-amd64-cygwin\jdk8u65\4987\hotspot\src\share\vm\prims\jni.!˚4˙—LÍ?
Event: 0.822 Thread 0x000000001eac3000 Implicit null exception at 0x0000000002f71163 to 0x0000000002f726dd

Events (10 events):
Event: 0.859 Thread 0x000000001eacd000 DEOPT PACKING pc=0x0000000002f09754 sp=0x000000001f89e840
Event: 0.859 Thread 0x000000001eacd000 DEOPT UNPACKING pc=0x0000000002cf582a sp=0x000000001f89e768 mode 2
Event: 0.859 Thread 0x000000001eacd000 Uncommon trap: trap_request=0xffffffc6 fr.pc=0x0000000002f09754
Event: 0.859 Thread 0x000000001eacd000 DEOPT PACKING pc=0x0000000002f09754 sp=0x000000001f89e840
Event: 0.859 Thread 0x000000001eacd000 DEOPT UNPACKING pc=0x0000000002cf582a sp=0x000000001f89e768 mode 2
Event: 0.859 Thread 0x000000001eacd000 Uncommon trap: trap_request=0xffffffc6 fr.pc=0x0000000002ea7c60
Event: 0.859 Thread 0x000000001eacd000 DEOPT PACKING pc=0x0000000002ea7c60 sp=0x000000001f89e4a0
Event: 0.859 Thread 0x000000001eacd000 DEOPT UNPACKING pc=0x0000000002cf582a sp=0x000000001f89e428 mode 2
Event: 0.883 Executing VM operation: ForceSafepoint
Event: 0.895 Executing VM operation: ForceSafepoint done


Dynamic libraries:
0x00007ff78f520000 - 0x00007ff78f557000 	C:\Program Files\Java\jdk1.8.0_65\bin\java.exe
0x00007ff990a20000 - 0x00007ff990bcd000 	C:\WINDOWS\SYSTEM32\ntdll.dll
0x00007ff98ea90000 - 0x00007ff98ebce000 	C:\WINDOWS\system32\KERNEL32.DLL
0x00007ff98dca0000 - 0x00007ff98ddb5000 	C:\WINDOWS\system32\KERNELBASE.dll
0x00007ff98c300000 - 0x00007ff98c38e000 	C:\WINDOWS\system32\apphelp.dll
0x00007ff97adf0000 - 0x00007ff97ae43000 	C:\WINDOWS\AppPatch\AppPatch64\AcGenral.DLL
0x00007ff98e4d0000 - 0x00007ff98e57a000 	C:\WINDOWS\system32\msvcrt.dll
0x00007ff98dc70000 - 0x00007ff98dc9e000 	C:\WINDOWS\system32\SspiCli.dll
0x00007ff98ea20000 - 0x00007ff98ea74000 	C:\WINDOWS\system32\SHLWAPI.dll
0x00007ff9908a0000 - 0x00007ff990a17000 	C:\WINDOWS\system32\USER32.dll
0x00007ff98e880000 - 0x00007ff98ea14000 	C:\WINDOWS\system32\ole32.dll
0x00007ff98f000000 - 0x00007ff99052a000 	C:\WINDOWS\system32\SHELL32.dll
0x00007ff98d1f0000 - 0x00007ff98d211000 	C:\WINDOWS\SYSTEM32\USERENV.dll
0x00007ff98e180000 - 0x00007ff98e22a000 	C:\WINDOWS\system32\ADVAPI32.dll
0x00007ff9852a0000 - 0x00007ff9852be000 	C:\WINDOWS\SYSTEM32\MPR.dll
0x00007ff98ebe0000 - 0x00007ff98ed20000 	C:\WINDOWS\system32\RPCRT4.dll
0x00007ff98e7c0000 - 0x00007ff98e819000 	C:\WINDOWS\SYSTEM32\sechost.dll
0x00007ff98e2b0000 - 0x00007ff98e4c1000 	C:\WINDOWS\SYSTEM32\combase.dll
0x00007ff990530000 - 0x00007ff99067f000 	C:\WINDOWS\system32\GDI32.dll
0x00007ff98db50000 - 0x00007ff98db65000 	C:\WINDOWS\SYSTEM32\profapi.dll
0x00007ff98bd30000 - 0x00007ff98bde2000 	C:\WINDOWS\SYSTEM32\SHCORE.dll
0x00007ff9906a0000 - 0x00007ff9906d6000 	C:\WINDOWS\system32\IMM32.DLL
0x00007ff98ed20000 - 0x00007ff98ee72000 	C:\WINDOWS\system32\MSCTF.dll
0x00007ff98a340000 - 0x00007ff98a5bb000 	C:\WINDOWS\WinSxS\amd64_microsoft.windows.common-controls_6595b64144ccf1df_6.0.9600.18006_none_623f33d3ecbe86e8\COMCTL32.dll
0x00000000526a0000 - 0x0000000052772000 	C:\Program Files\Java\jdk1.8.0_65\jre\bin\msvcr100.dll
0x0000000051e10000 - 0x0000000052699000 	C:\Program Files\Java\jdk1.8.0_65\jre\bin\server\jvm.dll
0x00007ff9842b0000 - 0x00007ff9842b9000 	C:\WINDOWS\SYSTEM32\WSOCK32.dll
0x00007ff989d80000 - 0x00007ff989da2000 	C:\WINDOWS\SYSTEM32\WINMM.dll
0x00007ff98c9e0000 - 0x00007ff98c9ea000 	C:\WINDOWS\SYSTEM32\VERSION.dll
0x00007ff98ea80000 - 0x00007ff98ea87000 	C:\WINDOWS\system32\PSAPI.DLL
0x00007ff98e820000 - 0x00007ff98e87a000 	C:\WINDOWS\system32\WS2_32.dll
0x00007ff9899f0000 - 0x00007ff989a1a000 	C:\WINDOWS\SYSTEM32\WINMMBASE.dll
0x00007ff9906e0000 - 0x00007ff9906e9000 	C:\WINDOWS\system32\NSI.dll
0x00007ff98dc20000 - 0x00007ff98dc6f000 	C:\WINDOWS\SYSTEM32\cfgmgr32.dll
0x00007ff98c560000 - 0x00007ff98c588000 	C:\WINDOWS\SYSTEM32\DEVOBJ.dll
0x0000000051e00000 - 0x0000000051e0f000 	C:\Program Files\Java\jdk1.8.0_65\jre\bin\verify.dll
0x0000000051dd0000 - 0x0000000051df9000 	C:\Program Files\Java\jdk1.8.0_65\jre\bin\java.dll
0x0000000051db0000 - 0x0000000051dc6000 	C:\Program Files\Java\jdk1.8.0_65\jre\bin\zip.dll

VM Arguments:
jvm_args: -Djava.awt.headless=true -Xmx4g -Dfile.encoding=windows-1252 -Duser.country=US -Duser.language=en -Duser.variant 
java_command: com.android.dx.command.Main --dex --force-jumbo --num-threads=4 --multi-dex --output E:\android mhm\MHM\app\build\intermediates\transforms\dex\debug\folders\1000\10\okio-1.6.0_7772297c7dd45deb78079b986803d984b54cb389 C:\Users\zarko.runjevac\.gradle\caches\modules-2\files-2.1\com.squareup.okio\okio\1.6.0\98476622f10715998eacf9240d6b479f12c66143\okio-1.6.0.jar
java_class_path (initial): F:\Development\Android\sdk\build-tools\23.0.0\lib\dx.jar
Launcher Type: SUN_STANDARD

Environment Variables:
JAVA_HOME=C:\Program Files\Java\jdk1.7.0_51
PATH=C:\Program Files (x86)\iis express\PHP\v5.5;C:\Program Files (x86)\iis express\PHP\v5.5;C:\Program Files\PHP\v5.3;C:\Program Files\PHP\v7.0;C:\Program Files (x86)\iis express\PHP\v5.4;C:\ProgramData\Oracle\Java\javapath;C:\Program Files (x86)\iis express\PHP\v5.4;C:\WINDOWS\system32;C:\WINDOWS;C:\WINDOWS\System32\Wbem;C:\WINDOWS\System32\WindowsPowerShell\v1.0\;C:\WINDOWS\idmu\common;C:\Program Files\Microsoft\Web Platform Installer\;C:\Program Files (x86)\Microsoft ASP.NET\ASP.NET Web Pages\v1.0\;C:\Program Files\Microsoft SQL Server\110\Tools\Binn\;C:\Program Files (x86)\Microsoft SQL Server\110\Tools\Binn\ManagementStudio\;C:\Program Files (x86)\Microsoft SQL Server\110\Tools\Binn\;C:\Program Files (x86)\Microsoft SQL Server\110\DTS\Binn\;C:\Program Files (x86)\Dell\SysMgt\shared\bin;C:\Program Files (x86)\QuickTime\QTSystem\;F:\Bin\x86\;C:\Program Files (x86)\Nmap;C:\Program Files\MySQL\MySQL Server 5.1\bin;C:\Program Files (x86)\Windows Kits\8.1\Windows Performance Toolkit\;C:\Program Files\Microsoft SQL;C:\RailsInstaller\Git\cmd;C:\RailsInstaller\Ruby2.1.0\bin;C:\Program Files (x86)\Nmap;C:\phantomjs-2.0.0-windows\bin;C:\Users\zarko.runjevac\AppData\Roaming\npm;C:\Program Files (x86)\Microsoft VS Code\bin;C:\Program Files\nodejs;C:\Program Files\Java\jdk1.8.0_65\bin;C:\Program Files (x86)\Common Files\Acronis\TibMounter64
USERNAME=zarko.runjevac
OS=Windows_NT
PROCESSOR_IDENTIFIER=Intel64 Family 6 Model 60 Stepping 3, GenuineIntel



---------------  S Y S T E M  ---------------

OS: Windows 8.1 , 64 bit Build 9600 (6.3.9600.17415)

CPU:total 8 (4 cores per cpu, 2 threads per core) family 6 model 60 stepping 3, cmov, cx8, fxsr, mmx, sse, sse2, sse3, ssse3, sse4.1, sse4.2, popcnt, avx, avx2, aes, clmul, erms, rtm, lzcnt, ht, tsc, tscinvbit, bmi1, bmi2

Memory: 4k page, physical 12532956k(829212k free), swap 15678684k(5220k free)

vm_info: Java HotSpot(TM) 64-Bit Server VM (25.65-b01) for windows-amd64 JRE (1.8.0_65-b17), built on Oct  6 2015 16:39:20 by "java_re" with MS VC++ 10.0 (VS2010)

time: Tue Aug 09 14:45:09 2016
elapsed time: 0 seconds (0d 0h 0m 0s)

