#
# There is insufficient memory for the Java Runtime Environment to continue.
# Native memory allocation (malloc) failed to allocate 1254736 bytes for Chunk::new
# Possible reasons:
#   The system is out of physical RAM or swap space
#   In 32 bit mode, the process size limit was hit
# Possible solutions:
#   Reduce memory load on the system
#   Increase physical memory or swap space
#   Check if swap backing store is full
#   Use 64 bit Java on a 64 bit OS
#   Decrease Java heap size (-Xmx/-Xms)
#   Decrease number of Java threads
#   Decrease Java thread stack sizes (-Xss)
#   Set larger code cache with -XX:ReservedCodeCacheSize=
# This output file may be truncated or incomplete.
#
#  Out of Memory Error (allocation.cpp:390), pid=24736, tid=7028
#
# JRE version: Java(TM) SE Runtime Environment (8.0_65-b17) (build 1.8.0_65-b17)
# Java VM: Java HotSpot(TM) 64-Bit Server VM (25.65-b01 mixed mode windows-amd64 compressed oops)
# Failed to write core dump. Minidumps are not enabled by default on client versions of Windows
#

---------------  T H R E A D  ---------------

Current thread (0x000000001e3c8800):  JavaThread "C2 CompilerThread0" daemon [_thread_in_native, id=7028, stack(0x000000001e9a0000,0x000000001eaa0000)]

Stack: [0x000000001e9a0000,0x000000001eaa0000]
[error occurred during error reporting (printing stack bounds), id 0xc0000005]

Native frames: (J=compiled Java code, j=interpreted, Vv=VM code, C=native code)


Current CompileTask:
C2:   1403 1290   !   4       com.android.dx.cf.code.BytecodeArray::parseInstruction (2764 bytes)


---------------  P R O C E S S  ---------------

Java Threads: ( => current thread )
  0x000000001e690000 JavaThread "pool-2-thread-4" [_thread_blocked, id=2628, stack(0x000000001f3a0000,0x000000001f4a0000)]
  0x000000001e68f000 JavaThread "pool-2-thread-3" [_thread_in_Java, id=11740, stack(0x000000001f2a0000,0x000000001f3a0000)]
  0x000000001e68e800 JavaThread "pool-2-thread-2" [_thread_blocked, id=13776, stack(0x000000001f1a0000,0x000000001f2a0000)]
  0x000000001e67c800 JavaThread "pool-3-thread-1" [_thread_blocked, id=20312, stack(0x000000001f0a0000,0x000000001f1a0000)]
  0x000000001e67c000 JavaThread "pool-2-thread-1" [_thread_in_Java, id=25008, stack(0x000000001efa0000,0x000000001f0a0000)]
  0x000000001e3db000 JavaThread "Service Thread" daemon [_thread_blocked, id=9684, stack(0x000000001eda0000,0x000000001eea0000)]
  0x000000001e3d5000 JavaThread "C1 CompilerThread3" daemon [_thread_in_native, id=20276, stack(0x000000001eca0000,0x000000001eda0000)]
  0x000000001e3cf800 JavaThread "C2 CompilerThread2" daemon [_thread_in_native, id=26536, stack(0x000000001eba0000,0x000000001eca0000)]
  0x000000001e3cb800 JavaThread "C2 CompilerThread1" daemon [_thread_in_native, id=8124, stack(0x000000001eaa0000,0x000000001eba0000)]
=>0x000000001e3c8800 JavaThread "C2 CompilerThread0" daemon [_thread_in_native, id=7028, stack(0x000000001e9a0000,0x000000001eaa0000)]
  0x000000001e3c5800 JavaThread "Attach Listener" daemon [_thread_blocked, id=26144, stack(0x000000001e8a0000,0x000000001e9a0000)]
  0x00000000027ce800 JavaThread "Signal Dispatcher" daemon [_thread_blocked, id=24368, stack(0x000000001e7a0000,0x000000001e8a0000)]
  0x00000000027c4800 JavaThread "Finalizer" daemon [_thread_blocked, id=10720, stack(0x000000001e1c0000,0x000000001e2c0000)]
  0x00000000027c3000 JavaThread "Reference Handler" daemon [_thread_blocked, id=18848, stack(0x000000001e0c0000,0x000000001e1c0000)]
  0x00000000026ce800 JavaThread "main" [_thread_in_Java, id=13756, stack(0x00000000024f0000,0x00000000025f0000)]

Other Threads:
  0x000000001c2e9800 VMThread [stack: 0x000000001dfc0000,0x000000001e0c0000] [id=16612]
  0x000000001e3fe000 WatcherThread [stack: 0x000000001eea0000,0x000000001efa0000] [id=18252]

VM state:not at safepoint (normal execution)

VM Mutex/Monitor currently owned by a thread: None

Heap:
 PSYoungGen      total 57344K, used 40938K [0x000000076ab00000, 0x0000000771b00000, 0x00000007c0000000)
  eden space 49152K, 66% used [0x000000076ab00000,0x000000076cb00198,0x000000076db00000)
  from space 8192K, 99% used [0x000000076db00000,0x000000076e2fa7b0,0x000000076e300000)
  to   space 8192K, 0% used [0x0000000771300000,0x0000000771300000,0x0000000771b00000)
 ParOldGen       total 131072K, used 792K [0x00000006c0000000, 0x00000006c8000000, 0x000000076ab00000)
  object space 131072K, 0% used [0x00000006c0000000,0x00000006c00c63a8,0x00000006c8000000)
 Metaspace       used 6041K, capacity 7024K, committed 7296K, reserved 1056768K
  class space    used 591K, capacity 616K, committed 640K, reserved 1048576K

Card table byte_map: [0x0000000011b90000,0x00000000123a0000] byte_map_base: 0x000000000e590000

Marking Bits: (ParMarkBitMap*) 0x000000005436a5b0
 Begin Bits: [0x0000000013100000, 0x0000000017100000)
 End Bits:   [0x0000000017100000, 0x000000001b100000)

Polling page: 0x0000000000c90000

CodeCache: size=245760Kb used=5920Kb max_used=5926Kb free=239839Kb
 bounds [0x00000000027d0000, 0x0000000002db0000, 0x00000000117d0000]
 total_blobs=1679 nmethods=1410 adapters=182
 compilation: enabled

Compilation events (10 events):
Event: 1.309 Thread 0x000000001e3cb800 nmethod 1401 0x0000000002d9fc90 code [0x0000000002d9fe00, 0x0000000002da01f8]
Event: 1.309 Thread 0x000000001e3cb800 1405   !   4       com.android.dx.cf.cst.ConstantPoolParser::parse0 (731 bytes)
Event: 1.340 Thread 0x000000001e3d5000 nmethod 1416 0x0000000002d9f150 code [0x0000000002d9f300, 0x0000000002d9f948]
Event: 1.340 Thread 0x000000001e3d5000 1421       3       sun.misc.VM::addFinalRefCount (24 bytes)
Event: 1.340 Thread 0x000000001e3d5000 nmethod 1421 0x0000000002d9edd0 code [0x0000000002d9ef20, 0x0000000002d9f0d0]
Event: 1.340 Thread 0x000000001e3d5000 1423       3       java.lang.ref.Reference::access$100 (4 bytes)
Event: 1.340 Thread 0x000000001e3d5000 nmethod 1423 0x0000000002d9ead0 code [0x0000000002d9ec20, 0x0000000002d9ed70]
Event: 1.340 Thread 0x000000001e3d5000 1425       3       java.lang.ref.Finalizer::access$000 (4 bytes)
Event: 1.340 Thread 0x000000001e3d5000 nmethod 1425 0x0000000002d9e7d0 code [0x0000000002d9e920, 0x0000000002d9ea70]
Event: 1.340 Thread 0x000000001e3d5000 1424   !   3       java.lang.ref.ReferenceQueue::enqueue (119 bytes)

GC Heap History (2 events):
Event: 1.310 GC heap before
{Heap before GC invocations=1 (full 0):
 PSYoungGen      total 57344K, used 49152K [0x000000076ab00000, 0x000000076eb00000, 0x00000007c0000000)
  eden space 49152K, 100% used [0x000000076ab00000,0x000000076db00000,0x000000076db00000)
  from space 8192K, 0% used [0x000000076e300000,0x000000076e300000,0x000000076eb00000)
  to   space 8192K, 0% used [0x000000076db00000,0x000000076db00000,0x000000076e300000)
 ParOldGen       total 131072K, used 0K [0x00000006c0000000, 0x00000006c8000000, 0x000000076ab00000)
  object space 131072K, 0% used [0x00000006c0000000,0x00000006c0000000,0x00000006c8000000)
 Metaspace       used 5968K, capacity 6960K, committed 7040K, reserved 1056768K
  class space    used 591K, capacity 616K, committed 640K, reserved 1048576K
Event: 1.328 GC heap after
Heap after GC invocations=1 (full 0):
 PSYoungGen      total 57344K, used 8169K [0x000000076ab00000, 0x0000000771b00000, 0x00000007c0000000)
  eden space 49152K, 0% used [0x000000076ab00000,0x000000076ab00000,0x000000076db00000)
  from space 8192K, 99% used [0x000000076db00000,0x000000076e2fa7b0,0x000000076e300000)
  to   space 8192K, 0% used [0x0000000771300000,0x0000000771300000,0x0000000771b00000)
 ParOldGen       total 131072K, used 792K [0x00000006c0000000, 0x00000006c8000000, 0x000000076ab00000)
  object space 131072K, 0% used [0x00000006c0000000,0x00000006c00c63a8,0x00000006c8000000)
 Metaspace       used 5968K, capacity 6960K, committed 7040K, reserved 1056768K
  class space    used 591K, capacity 616K, committed 640K, reserved 1048576K
}

Deoptimization events (10 events):
Event: 0.575 Thread 0x000000001e67c000 Uncommon trap: reason=class_check action=maybe_recompile pc=0x0000000002a78028 method=com.android.dx.ssa.NormalSsaInsn.accept(Lcom/android/dx/ssa/SsaInsn$Visitor;)V @ 9
Event: 0.575 Thread 0x000000001e67c000 Uncommon trap: reason=class_check action=maybe_recompile pc=0x00000000029f04f0 method=com.android.dx.ssa.NormalSsaInsn.accept(Lcom/android/dx/ssa/SsaInsn$Visitor;)V @ 9
Event: 0.575 Thread 0x000000001e67c000 Uncommon trap: reason=class_check action=maybe_recompile pc=0x00000000029f04f0 method=com.android.dx.ssa.NormalSsaInsn.accept(Lcom/android/dx/ssa/SsaInsn$Visitor;)V @ 9
Event: 0.575 Thread 0x000000001e67c000 Uncommon trap: reason=class_check action=maybe_recompile pc=0x00000000029f04f0 method=com.android.dx.ssa.NormalSsaInsn.accept(Lcom/android/dx/ssa/SsaInsn$Visitor;)V @ 9
Event: 0.616 Thread 0x000000001e68f000 Uncommon trap: reason=class_check action=maybe_recompile pc=0x0000000002a78028 method=com.android.dx.ssa.NormalSsaInsn.accept(Lcom/android/dx/ssa/SsaInsn$Visitor;)V @ 9
Event: 0.629 Thread 0x000000001e68e800 Uncommon trap: reason=unstable_if action=reinterpret pc=0x00000000029cfb74 method=java.util.BitSet.nextSetBit(I)I @ 87
Event: 0.648 Thread 0x000000001e68e800 Uncommon trap: reason=unstable_if action=reinterpret pc=0x00000000029e687c method=java.util.HashMap.getNode(ILjava/lang/Object;)Ljava/util/HashMap$Node; @ 129
Event: 0.991 Thread 0x000000001e68f000 Uncommon trap: reason=null_check action=make_not_entrant pc=0x0000000002b93ed4 method=com.android.dx.ssa.SsaRenamer.getLocalForNewReg(I)Lcom/android/dx/rop/code/LocalItem; @ 19
Event: 1.351 Thread 0x000000001e690000 Uncommon trap: reason=unstable_if action=reinterpret pc=0x0000000002d169e4 method=com.android.dx.rop.code.LocalItem.compareHandlesNulls(Lcom/android/dx/rop/cst/CstString;Lcom/android/dx/rop/cst/CstString;)I @ 14
Event: 1.360 Thread 0x000000001e67c000 Uncommon trap: reason=unstable_if action=reinterpret pc=0x0000000002ce40b4 method=com.android.dx.ssa.SCCP.simulateStmt(Lcom/android/dx/ssa/SsaInsn;)V @ 53

Internal exceptions (4 events):
Event: 0.051 Thread 0x00000000026ce800 Exception <a 'java/lang/NoSuchMethodError': Method sun.misc.Unsafe.defineClass(Ljava/lang/String;[BII)Ljava/lang/Class; name or signature does not match> (0x000000076ab0db70) thrown at [C:\workspace\8-2-build-windows-amd64-cygwin\jdk8u65\4987\hotspot\src\s÷Õ¯É4ª?
Event: 0.051 Thread 0x00000000026ce800 Exception <a 'java/lang/NoSuchMethodError': Method sun.misc.Unsafe.prefetchRead(Ljava/lang/Object;J)V name or signature does not match> (0x000000076ab0de58) thrown at [C:\workspace\8-2-build-windows-amd64-cygwin\jdk8u65\4987\hotspot\src\share\vm\prims\jni.ïEñ ¹ï?
Event: 0.991 Thread 0x000000001e68f000 Implicit null exception at 0x0000000002b93353 to 0x0000000002b93eb1
Event: 1.351 Thread 0x000000001e690000 Implicit null exception at 0x0000000002d1515e to 0x0000000002d169bd

Events (10 events):
Event: 1.280 loading class com/android/dx/rop/code/RegisterSpec$1
Event: 1.280 loading class com/android/dx/rop/code/RegisterSpec$1 done
Event: 1.309 Executing VM operation: ParallelGCFailedAllocation
Event: 1.328 Executing VM operation: ParallelGCFailedAllocation done
Event: 1.351 Thread 0x000000001e690000 Uncommon trap: trap_request=0xffffff65 fr.pc=0x0000000002d169e4
Event: 1.351 Thread 0x000000001e690000 DEOPT PACKING pc=0x0000000002d169e4 sp=0x000000001f49ea20
Event: 1.351 Thread 0x000000001e690000 DEOPT UNPACKING pc=0x000000000281582a sp=0x000000001f49e808 mode 2
Event: 1.360 Thread 0x000000001e67c000 Uncommon trap: trap_request=0xffffff65 fr.pc=0x0000000002ce40b4
Event: 1.360 Thread 0x000000001e67c000 DEOPT PACKING pc=0x0000000002ce40b4 sp=0x000000001f09e970
Event: 1.360 Thread 0x000000001e67c000 DEOPT UNPACKING pc=0x000000000281582a sp=0x000000001f09e968 mode 2


Dynamic libraries:
0x00007ff7a3b40000 - 0x00007ff7a3b77000 	C:\Program Files\Java\jdk1.8.0_65\bin\java.exe
0x00007fff52c20000 - 0x00007fff52dcd000 	C:\WINDOWS\SYSTEM32\ntdll.dll
0x00007fff52ad0000 - 0x00007fff52c0e000 	C:\WINDOWS\system32\KERNEL32.DLL
0x00007fff4fe20000 - 0x00007fff4ff35000 	C:\WINDOWS\system32\KERNELBASE.dll
0x00007fff4e500000 - 0x00007fff4e58e000 	C:\WINDOWS\system32\apphelp.dll
0x00007fff39860000 - 0x00007fff398b3000 	C:\WINDOWS\AppPatch\AppPatch64\AcGenral.DLL
0x00007fff509c0000 - 0x00007fff50a6a000 	C:\WINDOWS\system32\msvcrt.dll
0x00007fff501d0000 - 0x00007fff501fe000 	C:\WINDOWS\system32\SspiCli.dll
0x00007fff502b0000 - 0x00007fff50304000 	C:\WINDOWS\system32\SHLWAPI.dll
0x00007fff50c70000 - 0x00007fff50de7000 	C:\WINDOWS\system32\USER32.dll
0x00007fff513d0000 - 0x00007fff51564000 	C:\WINDOWS\system32\ole32.dll
0x00007fff51570000 - 0x00007fff52a9a000 	C:\WINDOWS\system32\SHELL32.dll
0x00007fff4f320000 - 0x00007fff4f341000 	C:\WINDOWS\SYSTEM32\USERENV.dll
0x00007fff50df0000 - 0x00007fff50e9a000 	C:\WINDOWS\system32\ADVAPI32.dll
0x00007fff47c00000 - 0x00007fff47c1e000 	C:\WINDOWS\SYSTEM32\MPR.dll
0x00007fff50690000 - 0x00007fff507d0000 	C:\WINDOWS\system32\RPCRT4.dll
0x00007fff50ea0000 - 0x00007fff50ef9000 	C:\WINDOWS\SYSTEM32\sechost.dll
0x00007fff50f00000 - 0x00007fff51111000 	C:\WINDOWS\SYSTEM32\combase.dll
0x00007fff503e0000 - 0x00007fff50530000 	C:\WINDOWS\system32\GDI32.dll
0x00007fff4fd50000 - 0x00007fff4fd65000 	C:\WINDOWS\SYSTEM32\profapi.dll
0x00007fff4e160000 - 0x00007fff4e212000 	C:\WINDOWS\SYSTEM32\SHCORE.dll
0x00007fff511e0000 - 0x00007fff51216000 	C:\WINDOWS\system32\IMM32.DLL
0x00007fff50530000 - 0x00007fff50682000 	C:\WINDOWS\system32\MSCTF.dll
0x00007fff4d890000 - 0x00007fff4db0b000 	C:\WINDOWS\WinSxS\amd64_microsoft.windows.common-controls_6595b64144ccf1df_6.0.9600.18006_none_623f33d3ecbe86e8\COMCTL32.dll
0x0000000054770000 - 0x0000000054842000 	C:\Program Files\Java\jdk1.8.0_65\jre\bin\msvcr100.dll
0x0000000053b60000 - 0x00000000543e9000 	C:\Program Files\Java\jdk1.8.0_65\jre\bin\server\jvm.dll
0x00007fff465e0000 - 0x00007fff465e9000 	C:\WINDOWS\SYSTEM32\WSOCK32.dll
0x00007fff4c340000 - 0x00007fff4c362000 	C:\WINDOWS\SYSTEM32\WINMM.dll
0x00007fff4ebe0000 - 0x00007fff4ebea000 	C:\WINDOWS\SYSTEM32\VERSION.dll
0x00007fff52ac0000 - 0x00007fff52ac7000 	C:\WINDOWS\system32\PSAPI.DLL
0x00007fff50310000 - 0x00007fff5036a000 	C:\WINDOWS\system32\WS2_32.dll
0x00007fff4c2b0000 - 0x00007fff4c2da000 	C:\WINDOWS\SYSTEM32\WINMMBASE.dll
0x00007fff50c60000 - 0x00007fff50c69000 	C:\WINDOWS\system32\NSI.dll
0x00007fff50260000 - 0x00007fff502af000 	C:\WINDOWS\SYSTEM32\cfgmgr32.dll
0x00007fff4e760000 - 0x00007fff4e788000 	C:\WINDOWS\SYSTEM32\DEVOBJ.dll
0x0000000054760000 - 0x000000005476f000 	C:\Program Files\Java\jdk1.8.0_65\jre\bin\verify.dll
0x0000000054730000 - 0x0000000054759000 	C:\Program Files\Java\jdk1.8.0_65\jre\bin\java.dll
0x0000000054710000 - 0x0000000054726000 	C:\Program Files\Java\jdk1.8.0_65\jre\bin\zip.dll

VM Arguments:
jvm_args: -Djava.awt.headless=true -Xmx4g -Dfile.encoding=windows-1252 -Duser.country=US -Duser.language=en -Duser.variant 
java_command: com.android.dx.command.Main --dex --force-jumbo --num-threads=4 --multi-dex --output E:\android mhm\MHM\app\build\intermediates\transforms\dex\debug\folders\1000\10\gson-2.6.1_726a8c9b2eae3b52b834dec90232ab9d86dcd103 C:\Users\zarko.runjevac\.gradle\caches\modules-2\files-2.1\com.google.code.gson\gson\2.6.1\b9d63507329a7178e026fc334f87587ee5070ac5\gson-2.6.1.jar
java_class_path (initial): F:\Development\Android\sdk\build-tools\23.0.0\lib\dx.jar
Launcher Type: SUN_STANDARD

Environment Variables:
JAVA_HOME=C:\Program Files\Java\jdk1.7.0_51
PATH=C:\Program Files (x86)\iis express\PHP\v5.5;C:\Program Files (x86)\iis express\PHP\v5.5;C:\Program Files\PHP\v5.3;C:\Program Files\PHP\v7.0;C:\Program Files (x86)\iis express\PHP\v5.4;C:\ProgramData\Oracle\Java\javapath;C:\Program Files (x86)\iis express\PHP\v5.4;C:\WINDOWS\system32;C:\WINDOWS;C:\WINDOWS\System32\Wbem;C:\WINDOWS\System32\WindowsPowerShell\v1.0\;C:\WINDOWS\idmu\common;C:\Program Files\Microsoft\Web Platform Installer\;C:\Program Files (x86)\Microsoft ASP.NET\ASP.NET Web Pages\v1.0\;C:\Program Files\Microsoft SQL Server\110\Tools\Binn\;C:\Program Files (x86)\Microsoft SQL Server\110\Tools\Binn\ManagementStudio\;C:\Program Files (x86)\Microsoft SQL Server\110\Tools\Binn\;C:\Program Files (x86)\Microsoft SQL Server\110\DTS\Binn\;C:\Program Files (x86)\Dell\SysMgt\shared\bin;C:\Program Files (x86)\QuickTime\QTSystem\;F:\Bin\x86\;C:\Program Files (x86)\Nmap;C:\Program Files\MySQL\MySQL Server 5.1\bin;C:\Program Files (x86)\Windows Kits\8.1\Windows Performance Toolkit\;C:\Program Files\Microsoft SQL;C:\RailsInstaller\Git\cmd;C:\RailsInstaller\Ruby2.1.0\bin;C:\Program Files (x86)\Nmap;C:\phantomjs-2.0.0-windows\bin;C:\Users\zarko.runjevac\AppData\Roaming\npm;C:\Program Files (x86)\Microsoft VS Code\bin;C:\Program Files\nodejs;C:\Program Files\Java\jdk1.8.0_65\bin;C:\Program Files (x86)\Common Files\Acronis\TibMounter64
USERNAME=zarko.runjevac
OS=Windows_NT
PROCESSOR_IDENTIFIER=Intel64 Family 6 Model 60 Stepping 3, GenuineIntel



---------------  S Y S T E M  ---------------

OS: Windows 8.1 , 64 bit Build 9600 (6.3.9600.17415)

CPU:total 8 (4 cores per cpu, 2 threads per core) family 6 model 60 stepping 3, cmov, cx8, fxsr, mmx, sse, sse2, sse3, ssse3, sse4.1, sse4.2, popcnt, avx, avx2, aes, clmul, erms, rtm, lzcnt, ht, tsc, tscinvbit, bmi1, bmi2

Memory: 4k page, physical 12532956k(838292k free), swap 15678684k(5144k free)

vm_info: Java HotSpot(TM) 64-Bit Server VM (25.65-b01) for windows-amd64 JRE (1.8.0_65-b17), built on Oct  6 2015 16:39:20 by "java_re" with MS VC++ 10.0 (VS2010)

time: Wed Jun 08 09:58:44 2016
elapsed time: 1 seconds (0d 0h 0m 1s)

